07/13/16 16:47:53:081.000  - [434277] TRACE - Enter MojingSDK_API_Init [/Users/sdkpublishbuilder/.jenkins/workspace/VR3_MojingSDKIOS/jni/Interface/ios/MojingIOSAPI.mm:75]
07/13/16 16:47:53:082.000  - [434277] TRACE - Init under MAC OS [/Users/sdkpublishbuilder/.jenkins/workspace/VR3_MojingSDKIOS/jni/Interface/ios/MojingIOSAPI.mm:77]
07/13/16 16:47:53:082.000  - [434277] TRACE - Init under iOS [/Users/sdkpublishbuilder/.jenkins/workspace/VR3_MojingSDKIOS/jni/Interface/ios/MojingIOSAPI.mm:85]
07/13/16 16:47:53:082.000  - [434277] TRACE - Init under IPHONE [/Users/sdkpublishbuilder/.jenkins/workspace/VR3_MojingSDKIOS/jni/Interface/ios/MojingIOSAPI.mm:88]
07/13/16 16:47:53:082.000  - [434277] TRACE - Brand: Apple [/Users/sdkpublishbuilder/.jenkins/workspace/VR3_MojingSDKIOS/jni/Interface/ios/MojingIOSAPI.mm:107]
07/13/16 16:47:53:082.000  - [434277] WARN - GetMobileModelName failed [/Users/sdkpublishbuilder/.jenkins/workspace/VR3_MojingSDKIOS/jni/Interface/ios/MojingIOSBase.mm:414]
07/13/16 16:47:53:082.000  - [434277] TRACE - Model: iPad5,3 [/Users/sdkpublishbuilder/.jenkins/workspace/VR3_MojingSDKIOS/jni/Interface/ios/MojingIOSAPI.mm:109]
07/13/16 16:47:53:086.000  - [434277] TRACE - Serial: 56335F086F3446F7B8A86FA94E2DD7DD [/Users/sdkpublishbuilder/.jenkins/workspace/VR3_MojingSDKIOS/jni/Interface/ios/MojingIOSAPI.mm:111]
07/13/16 16:47:53:086.000  - [434277] ERROR - GetMobileScreenSize failed! The device is not supported. [/Users/sdkpublishbuilder/.jenkins/workspace/VR3_MojingSDKIOS/jni/Interface/ios/MojingIOSBase.mm:477]
07/13/16 16:47:53:086.000  - [434277] TRACE - Leave MojingSDK_API_Init [/Users/sdkpublishbuilder/.jenkins/workspace/VR3_MojingSDKIOS/jni/Interface/ios/MojingIOSAPI.mm:75]
07/13/16 17:28:25:482.000  - [438695] TRACE - Enter MojingSDK_API_Init [/Users/sdkpublishbuilder/.jenkins/workspace/VR3_MojingSDKIOS/jni/Interface/ios/MojingIOSAPI.mm:75]
07/13/16 17:28:25:482.000  - [438695] TRACE - Init under MAC OS [/Users/sdkpublishbuilder/.jenkins/workspace/VR3_MojingSDKIOS/jni/Interface/ios/MojingIOSAPI.mm:77]
07/13/16 17:28:25:482.000  - [438695] TRACE - Init under iOS [/Users/sdkpublishbuilder/.jenkins/workspace/VR3_MojingSDKIOS/jni/Interface/ios/MojingIOSAPI.mm:85]
07/13/16 17:28:25:482.000  - [438695] TRACE - Init under IPHONE [/Users/sdkpublishbuilder/.jenkins/workspace/VR3_MojingSDKIOS/jni/Interface/ios/MojingIOSAPI.mm:88]
07/13/16 17:28:25:482.000  - [438695] TRACE - Brand: Apple [/Users/sdkpublishbuilder/.jenkins/workspace/VR3_MojingSDKIOS/jni/Interface/ios/MojingIOSAPI.mm:107]
07/13/16 17:28:25:482.000  - [438695] WARN - GetMobileModelName failed [/Users/sdkpublishbuilder/.jenkins/workspace/VR3_MojingSDKIOS/jni/Interface/ios/MojingIOSBase.mm:414]
07/13/16 17:28:25:482.000  - [438695] TRACE - Model: iPad5,3 [/Users/sdkpublishbuilder/.jenkins/workspace/VR3_MojingSDKIOS/jni/Interface/ios/MojingIOSAPI.mm:109]
07/13/16 17:28:25:486.000  - [438695] TRACE - Serial: 56335F086F3446F7B8A86FA94E2DD7DD [/Users/sdkpublishbuilder/.jenkins/workspace/VR3_MojingSDKIOS/jni/Interface/ios/MojingIOSAPI.mm:111]
07/13/16 17:28:25:486.000  - [438695] ERROR - GetMobileScreenSize failed! The device is not supported. [/Users/sdkpublishbuilder/.jenkins/workspace/VR3_MojingSDKIOS/jni/Interface/ios/MojingIOSBase.mm:477]
07/13/16 17:28:25:486.000  - [438695] TRACE - Leave MojingSDK_API_Init [/Users/sdkpublishbuilder/.jenkins/workspace/VR3_MojingSDKIOS/jni/Interface/ios/MojingIOSAPI.mm:75]
07/13/16 17:31:34:546.000  - [439877] TRACE - Enter MojingSDK_API_Init [/Users/sdkpublishbuilder/.jenkins/workspace/VR3_MojingSDKIOS/jni/Interface/ios/MojingIOSAPI.mm:75]
07/13/16 17:31:34:546.000  - [439877] TRACE - Init under MAC OS [/Users/sdkpublishbuilder/.jenkins/workspace/VR3_MojingSDKIOS/jni/Interface/ios/MojingIOSAPI.mm:77]
07/13/16 17:31:34:546.000  - [439877] TRACE - Init under iOS [/Users/sdkpublishbuilder/.jenkins/workspace/VR3_MojingSDKIOS/jni/Interface/ios/MojingIOSAPI.mm:85]
07/13/16 17:31:34:546.000  - [439877] TRACE - Init under IPHONE [/Users/sdkpublishbuilder/.jenkins/workspace/VR3_MojingSDKIOS/jni/Interface/ios/MojingIOSAPI.mm:88]
07/13/16 17:31:34:547.000  - [439877] TRACE - Brand: Apple [/Users/sdkpublishbuilder/.jenkins/workspace/VR3_MojingSDKIOS/jni/Interface/ios/MojingIOSAPI.mm:107]
07/13/16 17:31:34:547.000  - [439877] WARN - GetMobileModelName failed [/Users/sdkpublishbuilder/.jenkins/workspace/VR3_MojingSDKIOS/jni/Interface/ios/MojingIOSBase.mm:414]
07/13/16 17:31:34:547.000  - [439877] TRACE - Model: iPad5,3 [/Users/sdkpublishbuilder/.jenkins/workspace/VR3_MojingSDKIOS/jni/Interface/ios/MojingIOSAPI.mm:109]
07/13/16 17:31:34:553.000  - [439877] TRACE - Serial: 56335F086F3446F7B8A86FA94E2DD7DD [/Users/sdkpublishbuilder/.jenkins/workspace/VR3_MojingSDKIOS/jni/Interface/ios/MojingIOSAPI.mm:111]
07/13/16 17:31:34:553.000  - [439877] ERROR - GetMobileScreenSize failed! The device is not supported. [/Users/sdkpublishbuilder/.jenkins/workspace/VR3_MojingSDKIOS/jni/Interface/ios/MojingIOSBase.mm:477]
07/13/16 17:31:34:553.000  - [439877] TRACE - Leave MojingSDK_API_Init [/Users/sdkpublishbuilder/.jenkins/workspace/VR3_MojingSDKIOS/jni/Interface/ios/MojingIOSAPI.mm:75]
07/13/16 18:00:00:392.000  - [443828] TRACE - Enter MojingSDK_API_Init [/Users/sdkpublishbuilder/.jenkins/workspace/VR3_MojingSDKIOS/jni/Interface/ios/MojingIOSAPI.mm:75]
07/13/16 18:00:00:392.000  - [443828] TRACE - Init under MAC OS [/Users/sdkpublishbuilder/.jenkins/workspace/VR3_MojingSDKIOS/jni/Interface/ios/MojingIOSAPI.mm:77]
07/13/16 18:00:00:392.000  - [443828] TRACE - Init under iOS [/Users/sdkpublishbuilder/.jenkins/workspace/VR3_MojingSDKIOS/jni/Interface/ios/MojingIOSAPI.mm:85]
07/13/16 18:00:00:392.000  - [443828] TRACE - Init under IPHONE [/Users/sdkpublishbuilder/.jenkins/workspace/VR3_MojingSDKIOS/jni/Interface/ios/MojingIOSAPI.mm:88]
07/13/16 18:00:00:392.000  - [443828] TRACE - Brand: Apple [/Users/sdkpublishbuilder/.jenkins/workspace/VR3_MojingSDKIOS/jni/Interface/ios/MojingIOSAPI.mm:107]
07/13/16 18:00:00:392.000  - [443828] WARN - GetMobileModelName failed [/Users/sdkpublishbuilder/.jenkins/workspace/VR3_MojingSDKIOS/jni/Interface/ios/MojingIOSBase.mm:414]
07/13/16 18:00:00:392.000  - [443828] TRACE - Model: iPad5,3 [/Users/sdkpublishbuilder/.jenkins/workspace/VR3_MojingSDKIOS/jni/Interface/ios/MojingIOSAPI.mm:109]
07/13/16 18:00:00:397.000  - [443828] TRACE - Serial: 56335F086F3446F7B8A86FA94E2DD7DD [/Users/sdkpublishbuilder/.jenkins/workspace/VR3_MojingSDKIOS/jni/Interface/ios/MojingIOSAPI.mm:111]
07/13/16 18:00:00:397.000  - [443828] ERROR - GetMobileScreenSize failed! The device is not supported. [/Users/sdkpublishbuilder/.jenkins/workspace/VR3_MojingSDKIOS/jni/Interface/ios/MojingIOSBase.mm:477]
07/13/16 18:00:00:397.000  - [443828] TRACE - Leave MojingSDK_API_Init [/Users/sdkpublishbuilder/.jenkins/workspace/VR3_MojingSDKIOS/jni/Interface/ios/MojingIOSAPI.mm:75]
07/14/16 14:55:02:155.000  - [484542] TRACE - Enter MojingSDK_API_Init [/Users/sdkpublishbuilder/.jenkins/workspace/VR3_MojingSDKIOS/jni/Interface/ios/MojingIOSAPI.mm:75]
07/14/16 14:55:02:155.000  - [484542] TRACE - Init under MAC OS [/Users/sdkpublishbuilder/.jenkins/workspace/VR3_MojingSDKIOS/jni/Interface/ios/MojingIOSAPI.mm:77]
07/14/16 14:55:02:155.000  - [484542] TRACE - Init under iOS [/Users/sdkpublishbuilder/.jenkins/workspace/VR3_MojingSDKIOS/jni/Interface/ios/MojingIOSAPI.mm:85]
07/14/16 14:55:02:155.000  - [484542] TRACE - Init under IPHONE [/Users/sdkpublishbuilder/.jenkins/workspace/VR3_MojingSDKIOS/jni/Interface/ios/MojingIOSAPI.mm:88]
07/14/16 14:55:02:156.000  - [484542] TRACE - Brand: Apple [/Users/sdkpublishbuilder/.jenkins/workspace/VR3_MojingSDKIOS/jni/Interface/ios/MojingIOSAPI.mm:107]
07/14/16 14:55:02:156.000  - [484542] WARN - GetMobileModelName failed [/Users/sdkpublishbuilder/.jenkins/workspace/VR3_MojingSDKIOS/jni/Interface/ios/MojingIOSBase.mm:414]
07/14/16 14:55:02:156.000  - [484542] TRACE - Model: iPad5,3 [/Users/sdkpublishbuilder/.jenkins/workspace/VR3_MojingSDKIOS/jni/Interface/ios/MojingIOSAPI.mm:109]
07/14/16 14:55:02:159.000  - [484542] TRACE - Serial: 56335F086F3446F7B8A86FA94E2DD7DD [/Users/sdkpublishbuilder/.jenkins/workspace/VR3_MojingSDKIOS/jni/Interface/ios/MojingIOSAPI.mm:111]
07/14/16 14:55:02:159.000  - [484542] ERROR - GetMobileScreenSize failed! The device is not supported. [/Users/sdkpublishbuilder/.jenkins/workspace/VR3_MojingSDKIOS/jni/Interface/ios/MojingIOSBase.mm:477]
07/14/16 14:55:02:159.000  - [484542] TRACE - Leave MojingSDK_API_Init [/Users/sdkpublishbuilder/.jenkins/workspace/VR3_MojingSDKIOS/jni/Interface/ios/MojingIOSAPI.mm:75]
07/14/16 15:17:10:247.000  - [487975] TRACE - Enter MojingSDK_API_Init [/Users/sdkpublishbuilder/.jenkins/workspace/VR3_MojingSDKIOS/jni/Interface/ios/MojingIOSAPI.mm:75]
07/14/16 15:17:10:247.000  - [487975] TRACE - Init under MAC OS [/Users/sdkpublishbuilder/.jenkins/workspace/VR3_MojingSDKIOS/jni/Interface/ios/MojingIOSAPI.mm:77]
07/14/16 15:17:10:247.000  - [487975] TRACE - Init under iOS [/Users/sdkpublishbuilder/.jenkins/workspace/VR3_MojingSDKIOS/jni/Interface/ios/MojingIOSAPI.mm:85]
07/14/16 15:17:10:247.000  - [487975] TRACE - Init under IPHONE [/Users/sdkpublishbuilder/.jenkins/workspace/VR3_MojingSDKIOS/jni/Interface/ios/MojingIOSAPI.mm:88]
07/14/16 15:17:10:247.000  - [487975] TRACE - Brand: Apple [/Users/sdkpublishbuilder/.jenkins/workspace/VR3_MojingSDKIOS/jni/Interface/ios/MojingIOSAPI.mm:107]
07/14/16 15:17:10:247.000  - [487975] WARN - GetMobileModelName failed [/Users/sdkpublishbuilder/.jenkins/workspace/VR3_MojingSDKIOS/jni/Interface/ios/MojingIOSBase.mm:414]
07/14/16 15:17:10:247.000  - [487975] TRACE - Model: iPad5,3 [/Users/sdkpublishbuilder/.jenkins/workspace/VR3_MojingSDKIOS/jni/Interface/ios/MojingIOSAPI.mm:109]
07/14/16 15:17:10:250.000  - [487975] TRACE - Serial: 56335F086F3446F7B8A86FA94E2DD7DD [/Users/sdkpublishbuilder/.jenkins/workspace/VR3_MojingSDKIOS/jni/Interface/ios/MojingIOSAPI.mm:111]
07/14/16 15:17:10:250.000  - [487975] ERROR - GetMobileScreenSize failed! The device is not supported. [/Users/sdkpublishbuilder/.jenkins/workspace/VR3_MojingSDKIOS/jni/Interface/ios/MojingIOSBase.mm:477]
07/14/16 15:17:10:251.000  - [487975] TRACE - Leave MojingSDK_API_Init [/Users/sdkpublishbuilder/.jenkins/workspace/VR3_MojingSDKIOS/jni/Interface/ios/MojingIOSAPI.mm:75]
07/14/16 15:36:05:586.000  - [490945] TRACE - Enter MojingSDK_API_Init [/Users/sdkpublishbuilder/.jenkins/workspace/VR3_MojingSDKIOS/jni/Interface/ios/MojingIOSAPI.mm:75]
07/14/16 15:36:05:586.000  - [490945] TRACE - Init under MAC OS [/Users/sdkpublishbuilder/.jenkins/workspace/VR3_MojingSDKIOS/jni/Interface/ios/MojingIOSAPI.mm:77]
07/14/16 15:36:05:586.000  - [490945] TRACE - Init under iOS [/Users/sdkpublishbuilder/.jenkins/workspace/VR3_MojingSDKIOS/jni/Interface/ios/MojingIOSAPI.mm:85]
07/14/16 15:36:05:586.000  - [490945] TRACE - Init under IPHONE [/Users/sdkpublishbuilder/.jenkins/workspace/VR3_MojingSDKIOS/jni/Interface/ios/MojingIOSAPI.mm:88]
07/14/16 15:36:05:586.000  - [490945] TRACE - Brand: Apple [/Users/sdkpublishbuilder/.jenkins/workspace/VR3_MojingSDKIOS/jni/Interface/ios/MojingIOSAPI.mm:107]
07/14/16 15:36:05:586.000  - [490945] WARN - GetMobileModelName failed [/Users/sdkpublishbuilder/.jenkins/workspace/VR3_MojingSDKIOS/jni/Interface/ios/MojingIOSBase.mm:414]
07/14/16 15:36:05:587.000  - [490945] TRACE - Model: iPad5,3 [/Users/sdkpublishbuilder/.jenkins/workspace/VR3_MojingSDKIOS/jni/Interface/ios/MojingIOSAPI.mm:109]
07/14/16 15:36:05:591.000  - [490945] TRACE - Serial: 56335F086F3446F7B8A86FA94E2DD7DD [/Users/sdkpublishbuilder/.jenkins/workspace/VR3_MojingSDKIOS/jni/Interface/ios/MojingIOSAPI.mm:111]
07/14/16 15:36:05:591.000  - [490945] ERROR - GetMobileScreenSize failed! The device is not supported. [/Users/sdkpublishbuilder/.jenkins/workspace/VR3_MojingSDKIOS/jni/Interface/ios/MojingIOSBase.mm:477]
07/14/16 15:36:05:591.000  - [490945] TRACE - Leave MojingSDK_API_Init [/Users/sdkpublishbuilder/.jenkins/workspace/VR3_MojingSDKIOS/jni/Interface/ios/MojingIOSAPI.mm:75]
07/14/16 15:42:11:291.000  - [491793] TRACE - Enter MojingSDK_API_Init [/Users/sdkpublishbuilder/.jenkins/workspace/VR3_MojingSDKIOS/jni/Interface/ios/MojingIOSAPI.mm:75]
07/14/16 15:42:11:291.000  - [491793] TRACE - Init under MAC OS [/Users/sdkpublishbuilder/.jenkins/workspace/VR3_MojingSDKIOS/jni/Interface/ios/MojingIOSAPI.mm:77]
07/14/16 15:42:11:291.000  - [491793] TRACE - Init under iOS [/Users/sdkpublishbuilder/.jenkins/workspace/VR3_MojingSDKIOS/jni/Interface/ios/MojingIOSAPI.mm:85]
07/14/16 15:42:11:291.000  - [491793] TRACE - Init under IPHONE [/Users/sdkpublishbuilder/.jenkins/workspace/VR3_MojingSDKIOS/jni/Interface/ios/MojingIOSAPI.mm:88]
07/14/16 15:42:11:291.000  - [491793] TRACE - Brand: Apple [/Users/sdkpublishbuilder/.jenkins/workspace/VR3_MojingSDKIOS/jni/Interface/ios/MojingIOSAPI.mm:107]
07/14/16 15:42:11:291.000  - [491793] WARN - GetMobileModelName failed [/Users/sdkpublishbuilder/.jenkins/workspace/VR3_MojingSDKIOS/jni/Interface/ios/MojingIOSBase.mm:414]
07/14/16 15:42:11:291.000  - [491793] TRACE - Model: iPad5,3 [/Users/sdkpublishbuilder/.jenkins/workspace/VR3_MojingSDKIOS/jni/Interface/ios/MojingIOSAPI.mm:109]
07/14/16 15:42:11:297.000  - [491793] TRACE - Serial: 56335F086F3446F7B8A86FA94E2DD7DD [/Users/sdkpublishbuilder/.jenkins/workspace/VR3_MojingSDKIOS/jni/Interface/ios/MojingIOSAPI.mm:111]
07/14/16 15:42:11:298.000  - [491793] ERROR - GetMobileScreenSize failed! The device is not supported. [/Users/sdkpublishbuilder/.jenkins/workspace/VR3_MojingSDKIOS/jni/Interface/ios/MojingIOSBase.mm:477]
07/14/16 15:42:11:298.000  - [491793] TRACE - Leave MojingSDK_API_Init [/Users/sdkpublishbuilder/.jenkins/workspace/VR3_MojingSDKIOS/jni/Interface/ios/MojingIOSAPI.mm:75]
07/14/16 15:59:17:118.000  - [492525] TRACE - Enter MojingSDK_API_Init [/Users/sdkpublishbuilder/.jenkins/workspace/VR3_MojingSDKIOS/jni/Interface/ios/MojingIOSAPI.mm:75]
07/14/16 15:59:17:118.000  - [492525] TRACE - Init under MAC OS [/Users/sdkpublishbuilder/.jenkins/workspace/VR3_MojingSDKIOS/jni/Interface/ios/MojingIOSAPI.mm:77]
07/14/16 15:59:17:118.000  - [492525] TRACE - Init under iOS [/Users/sdkpublishbuilder/.jenkins/workspace/VR3_MojingSDKIOS/jni/Interface/ios/MojingIOSAPI.mm:85]
07/14/16 15:59:17:118.000  - [492525] TRACE - Init under IPHONE [/Users/sdkpublishbuilder/.jenkins/workspace/VR3_MojingSDKIOS/jni/Interface/ios/MojingIOSAPI.mm:88]
07/14/16 15:59:17:118.000  - [492525] TRACE - Brand: Apple [/Users/sdkpublishbuilder/.jenkins/workspace/VR3_MojingSDKIOS/jni/Interface/ios/MojingIOSAPI.mm:107]
07/14/16 15:59:17:118.000  - [492525] WARN - GetMobileModelName failed [/Users/sdkpublishbuilder/.jenkins/workspace/VR3_MojingSDKIOS/jni/Interface/ios/MojingIOSBase.mm:414]
07/14/16 15:59:17:118.000  - [492525] TRACE - Model: iPad5,3 [/Users/sdkpublishbuilder/.jenkins/workspace/VR3_MojingSDKIOS/jni/Interface/ios/MojingIOSAPI.mm:109]
07/14/16 15:59:17:124.000  - [492525] TRACE - Serial: 56335F086F3446F7B8A86FA94E2DD7DD [/Users/sdkpublishbuilder/.jenkins/workspace/VR3_MojingSDKIOS/jni/Interface/ios/MojingIOSAPI.mm:111]
07/14/16 15:59:17:125.000  - [492525] ERROR - GetMobileScreenSize failed! The device is not supported. [/Users/sdkpublishbuilder/.jenkins/workspace/VR3_MojingSDKIOS/jni/Interface/ios/MojingIOSBase.mm:477]
07/14/16 15:59:17:125.000  - [492525] TRACE - Leave MojingSDK_API_Init [/Users/sdkpublishbuilder/.jenkins/workspace/VR3_MojingSDKIOS/jni/Interface/ios/MojingIOSAPI.mm:75]
07/14/16 16:17:49:054.000  - [494795] TRACE - Enter MojingSDK_API_Init [/Users/sdkpublishbuilder/.jenkins/workspace/VR3_MojingSDKIOS/jni/Interface/ios/MojingIOSAPI.mm:75]
07/14/16 16:17:49:054.000  - [494795] TRACE - Init under MAC OS [/Users/sdkpublishbuilder/.jenkins/workspace/VR3_MojingSDKIOS/jni/Interface/ios/MojingIOSAPI.mm:77]
07/14/16 16:17:49:054.000  - [494795] TRACE - Init under iOS [/Users/sdkpublishbuilder/.jenkins/workspace/VR3_MojingSDKIOS/jni/Interface/ios/MojingIOSAPI.mm:85]
07/14/16 16:17:49:054.000  - [494795] TRACE - Init under IPHONE [/Users/sdkpublishbuilder/.jenkins/workspace/VR3_MojingSDKIOS/jni/Interface/ios/MojingIOSAPI.mm:88]
07/14/16 16:17:49:054.000  - [494795] TRACE - Brand: Apple [/Users/sdkpublishbuilder/.jenkins/workspace/VR3_MojingSDKIOS/jni/Interface/ios/MojingIOSAPI.mm:107]
07/14/16 16:17:49:054.000  - [494795] WARN - GetMobileModelName failed [/Users/sdkpublishbuilder/.jenkins/workspace/VR3_MojingSDKIOS/jni/Interface/ios/MojingIOSBase.mm:414]
07/14/16 16:17:49:054.000  - [494795] TRACE - Model: iPad5,3 [/Users/sdkpublishbuilder/.jenkins/workspace/VR3_MojingSDKIOS/jni/Interface/ios/MojingIOSAPI.mm:109]
07/14/16 16:17:49:057.000  - [494795] TRACE - Serial: 56335F086F3446F7B8A86FA94E2DD7DD [/Users/sdkpublishbuilder/.jenkins/workspace/VR3_MojingSDKIOS/jni/Interface/ios/MojingIOSAPI.mm:111]
07/14/16 16:17:49:057.000  - [494795] ERROR - GetMobileScreenSize failed! The device is not supported. [/Users/sdkpublishbuilder/.jenkins/workspace/VR3_MojingSDKIOS/jni/Interface/ios/MojingIOSBase.mm:477]
07/14/16 16:17:49:058.000  - [494795] TRACE - Leave MojingSDK_API_Init [/Users/sdkpublishbuilder/.jenkins/workspace/VR3_MojingSDKIOS/jni/Interface/ios/MojingIOSAPI.mm:75]
07/14/16 17:42:46:797.000  - [503394] TRACE - Enter MojingSDK_API_Init [/Users/sdkpublishbuilder/.jenkins/workspace/VR3_MojingSDKIOS/jni/Interface/ios/MojingIOSAPI.mm:75]
07/14/16 17:42:46:797.000  - [503394] TRACE - Init under MAC OS [/Users/sdkpublishbuilder/.jenkins/workspace/VR3_MojingSDKIOS/jni/Interface/ios/MojingIOSAPI.mm:77]
07/14/16 17:42:46:797.000  - [503394] TRACE - Init under iOS [/Users/sdkpublishbuilder/.jenkins/workspace/VR3_MojingSDKIOS/jni/Interface/ios/MojingIOSAPI.mm:85]
07/14/16 17:42:46:797.000  - [503394] TRACE - Init under IPHONE [/Users/sdkpublishbuilder/.jenkins/workspace/VR3_MojingSDKIOS/jni/Interface/ios/MojingIOSAPI.mm:88]
07/14/16 17:42:46:797.000  - [503394] TRACE - Brand: Apple [/Users/sdkpublishbuilder/.jenkins/workspace/VR3_MojingSDKIOS/jni/Interface/ios/MojingIOSAPI.mm:107]
07/14/16 17:42:46:797.000  - [503394] WARN - GetMobileModelName failed [/Users/sdkpublishbuilder/.jenkins/workspace/VR3_MojingSDKIOS/jni/Interface/ios/MojingIOSBase.mm:414]
07/14/16 17:42:46:797.000  - [503394] TRACE - Model: iPad5,3 [/Users/sdkpublishbuilder/.jenkins/workspace/VR3_MojingSDKIOS/jni/Interface/ios/MojingIOSAPI.mm:109]
07/14/16 17:42:46:801.000  - [503394] TRACE - Serial: 56335F086F3446F7B8A86FA94E2DD7DD [/Users/sdkpublishbuilder/.jenkins/workspace/VR3_MojingSDKIOS/jni/Interface/ios/MojingIOSAPI.mm:111]
07/14/16 17:42:46:801.000  - [503394] ERROR - GetMobileScreenSize failed! The device is not supported. [/Users/sdkpublishbuilder/.jenkins/workspace/VR3_MojingSDKIOS/jni/Interface/ios/MojingIOSBase.mm:477]
07/14/16 17:42:46:801.000  - [503394] TRACE - Leave MojingSDK_API_Init [/Users/sdkpublishbuilder/.jenkins/workspace/VR3_MojingSDKIOS/jni/Interface/ios/MojingIOSAPI.mm:75]
07/14/16 17:52:26:608.000  - [506115] TRACE - Enter MojingSDK_API_Init [/Users/sdkpublishbuilder/.jenkins/workspace/VR3_MojingSDKIOS/jni/Interface/ios/MojingIOSAPI.mm:75]
07/14/16 17:52:26:608.000  - [506115] TRACE - Init under MAC OS [/Users/sdkpublishbuilder/.jenkins/workspace/VR3_MojingSDKIOS/jni/Interface/ios/MojingIOSAPI.mm:77]
07/14/16 17:52:26:608.000  - [506115] TRACE - Init under iOS [/Users/sdkpublishbuilder/.jenkins/workspace/VR3_MojingSDKIOS/jni/Interface/ios/MojingIOSAPI.mm:85]
07/14/16 17:52:26:608.000  - [506115] TRACE - Init under IPHONE [/Users/sdkpublishbuilder/.jenkins/workspace/VR3_MojingSDKIOS/jni/Interface/ios/MojingIOSAPI.mm:88]
07/14/16 17:52:26:608.000  - [506115] TRACE - Brand: Apple [/Users/sdkpublishbuilder/.jenkins/workspace/VR3_MojingSDKIOS/jni/Interface/ios/MojingIOSAPI.mm:107]
07/14/16 17:52:26:608.000  - [506115] WARN - GetMobileModelName failed [/Users/sdkpublishbuilder/.jenkins/workspace/VR3_MojingSDKIOS/jni/Interface/ios/MojingIOSBase.mm:414]
07/14/16 17:52:26:608.000  - [506115] TRACE - Model: iPad5,3 [/Users/sdkpublishbuilder/.jenkins/workspace/VR3_MojingSDKIOS/jni/Interface/ios/MojingIOSAPI.mm:109]
07/14/16 17:52:26:612.000  - [506115] TRACE - Serial: 56335F086F3446F7B8A86FA94E2DD7DD [/Users/sdkpublishbuilder/.jenkins/workspace/VR3_MojingSDKIOS/jni/Interface/ios/MojingIOSAPI.mm:111]
07/14/16 17:52:26:612.000  - [506115] ERROR - GetMobileScreenSize failed! The device is not supported. [/Users/sdkpublishbuilder/.jenkins/workspace/VR3_MojingSDKIOS/jni/Interface/ios/MojingIOSBase.mm:477]
07/14/16 17:52:26:612.000  - [506115] TRACE - Leave MojingSDK_API_Init [/Users/sdkpublishbuilder/.jenkins/workspace/VR3_MojingSDKIOS/jni/Interface/ios/MojingIOSAPI.mm:75]
07/14/16 17:54:41:998.000  - [506787] TRACE - Enter MojingSDK_API_Init [/Users/sdkpublishbuilder/.jenkins/workspace/VR3_MojingSDKIOS/jni/Interface/ios/MojingIOSAPI.mm:75]
07/14/16 17:54:41:998.000  - [506787] TRACE - Init under MAC OS [/Users/sdkpublishbuilder/.jenkins/workspace/VR3_MojingSDKIOS/jni/Interface/ios/MojingIOSAPI.mm:77]
07/14/16 17:54:41:998.000  - [506787] TRACE - Init under iOS [/Users/sdkpublishbuilder/.jenkins/workspace/VR3_MojingSDKIOS/jni/Interface/ios/MojingIOSAPI.mm:85]
07/14/16 17:54:41:998.000  - [506787] TRACE - Init under IPHONE [/Users/sdkpublishbuilder/.jenkins/workspace/VR3_MojingSDKIOS/jni/Interface/ios/MojingIOSAPI.mm:88]
07/14/16 17:54:41:998.000  - [506787] TRACE - Brand: Apple [/Users/sdkpublishbuilder/.jenkins/workspace/VR3_MojingSDKIOS/jni/Interface/ios/MojingIOSAPI.mm:107]
07/14/16 17:54:41:998.000  - [506787] WARN - GetMobileModelName failed [/Users/sdkpublishbuilder/.jenkins/workspace/VR3_MojingSDKIOS/jni/Interface/ios/MojingIOSBase.mm:414]
07/14/16 17:54:41:998.000  - [506787] TRACE - Model: iPad5,3 [/Users/sdkpublishbuilder/.jenkins/workspace/VR3_MojingSDKIOS/jni/Interface/ios/MojingIOSAPI.mm:109]
07/14/16 17:54:42:005.000  - [506787] TRACE - Serial: 56335F086F3446F7B8A86FA94E2DD7DD [/Users/sdkpublishbuilder/.jenkins/workspace/VR3_MojingSDKIOS/jni/Interface/ios/MojingIOSAPI.mm:111]
07/14/16 17:54:42:005.000  - [506787] ERROR - GetMobileScreenSize failed! The device is not supported. [/Users/sdkpublishbuilder/.jenkins/workspace/VR3_MojingSDKIOS/jni/Interface/ios/MojingIOSBase.mm:477]
07/14/16 17:54:42:005.000  - [506787] TRACE - Leave MojingSDK_API_Init [/Users/sdkpublishbuilder/.jenkins/workspace/VR3_MojingSDKIOS/jni/Interface/ios/MojingIOSAPI.mm:75]
07/14/16 18:03:00:227.000  - [509120] TRACE - Enter MojingSDK_API_Init [/Users/sdkpublishbuilder/.jenkins/workspace/VR3_MojingSDKIOS/jni/Interface/ios/MojingIOSAPI.mm:75]
07/14/16 18:03:00:227.000  - [509120] TRACE - Init under MAC OS [/Users/sdkpublishbuilder/.jenkins/workspace/VR3_MojingSDKIOS/jni/Interface/ios/MojingIOSAPI.mm:77]
07/14/16 18:03:00:227.000  - [509120] TRACE - Init under iOS [/Users/sdkpublishbuilder/.jenkins/workspace/VR3_MojingSDKIOS/jni/Interface/ios/MojingIOSAPI.mm:85]
07/14/16 18:03:00:227.000  - [509120] TRACE - Init under IPHONE [/Users/sdkpublishbuilder/.jenkins/workspace/VR3_MojingSDKIOS/jni/Interface/ios/MojingIOSAPI.mm:88]
07/14/16 18:03:00:227.000  - [509120] TRACE - Brand: Apple [/Users/sdkpublishbuilder/.jenkins/workspace/VR3_MojingSDKIOS/jni/Interface/ios/MojingIOSAPI.mm:107]
07/14/16 18:03:00:227.000  - [509120] WARN - GetMobileModelName failed [/Users/sdkpublishbuilder/.jenkins/workspace/VR3_MojingSDKIOS/jni/Interface/ios/MojingIOSBase.mm:414]
07/14/16 18:03:00:227.000  - [509120] TRACE - Model: iPad5,3 [/Users/sdkpublishbuilder/.jenkins/workspace/VR3_MojingSDKIOS/jni/Interface/ios/MojingIOSAPI.mm:109]
07/14/16 18:03:00:234.000  - [509120] TRACE - Serial: 56335F086F3446F7B8A86FA94E2DD7DD [/Users/sdkpublishbuilder/.jenkins/workspace/VR3_MojingSDKIOS/jni/Interface/ios/MojingIOSAPI.mm:111]
07/14/16 18:03:00:234.000  - [509120] ERROR - GetMobileScreenSize failed! The device is not supported. [/Users/sdkpublishbuilder/.jenkins/workspace/VR3_MojingSDKIOS/jni/Interface/ios/MojingIOSBase.mm:477]
07/14/16 18:03:00:234.000  - [509120] TRACE - Leave MojingSDK_API_Init [/Users/sdkpublishbuilder/.jenkins/workspace/VR3_MojingSDKIOS/jni/Interface/ios/MojingIOSAPI.mm:75]
07/14/16 18:15:35:937.000  - [511449] TRACE - Enter MojingSDK_API_Init [/Users/sdkpublishbuilder/.jenkins/workspace/VR3_MojingSDKIOS/jni/Interface/ios/MojingIOSAPI.mm:75]
07/14/16 18:15:35:937.000  - [511449] TRACE - Init under MAC OS [/Users/sdkpublishbuilder/.jenkins/workspace/VR3_MojingSDKIOS/jni/Interface/ios/MojingIOSAPI.mm:77]
07/14/16 18:15:35:937.000  - [511449] TRACE - Init under iOS [/Users/sdkpublishbuilder/.jenkins/workspace/VR3_MojingSDKIOS/jni/Interface/ios/MojingIOSAPI.mm:85]
07/14/16 18:15:35:937.000  - [511449] TRACE - Init under IPHONE [/Users/sdkpublishbuilder/.jenkins/workspace/VR3_MojingSDKIOS/jni/Interface/ios/MojingIOSAPI.mm:88]
07/14/16 18:15:35:937.000  - [511449] TRACE - Brand: Apple [/Users/sdkpublishbuilder/.jenkins/workspace/VR3_MojingSDKIOS/jni/Interface/ios/MojingIOSAPI.mm:107]
07/14/16 18:15:35:937.000  - [511449] WARN - GetMobileModelName failed [/Users/sdkpublishbuilder/.jenkins/workspace/VR3_MojingSDKIOS/jni/Interface/ios/MojingIOSBase.mm:414]
07/14/16 18:15:35:937.000  - [511449] TRACE - Model: iPad5,3 [/Users/sdkpublishbuilder/.jenkins/workspace/VR3_MojingSDKIOS/jni/Interface/ios/MojingIOSAPI.mm:109]
07/14/16 18:15:35:941.000  - [511449] TRACE - Serial: 56335F086F3446F7B8A86FA94E2DD7DD [/Users/sdkpublishbuilder/.jenkins/workspace/VR3_MojingSDKIOS/jni/Interface/ios/MojingIOSAPI.mm:111]
07/14/16 18:15:35:941.000  - [511449] ERROR - GetMobileScreenSize failed! The device is not supported. [/Users/sdkpublishbuilder/.jenkins/workspace/VR3_MojingSDKIOS/jni/Interface/ios/MojingIOSBase.mm:477]
07/14/16 18:15:35:941.000  - [511449] TRACE - Leave MojingSDK_API_Init [/Users/sdkpublishbuilder/.jenkins/workspace/VR3_MojingSDKIOS/jni/Interface/ios/MojingIOSAPI.mm:75]
07/14/16 18:16:56:862.000  - [512182] TRACE - Enter MojingSDK_API_Init [/Users/sdkpublishbuilder/.jenkins/workspace/VR3_MojingSDKIOS/jni/Interface/ios/MojingIOSAPI.mm:75]
07/14/16 18:16:56:863.000  - [512182] TRACE - Init under MAC OS [/Users/sdkpublishbuilder/.jenkins/workspace/VR3_MojingSDKIOS/jni/Interface/ios/MojingIOSAPI.mm:77]
07/14/16 18:16:56:863.000  - [512182] TRACE - Init under iOS [/Users/sdkpublishbuilder/.jenkins/workspace/VR3_MojingSDKIOS/jni/Interface/ios/MojingIOSAPI.mm:85]
07/14/16 18:16:56:863.000  - [512182] TRACE - Init under IPHONE [/Users/sdkpublishbuilder/.jenkins/workspace/VR3_MojingSDKIOS/jni/Interface/ios/MojingIOSAPI.mm:88]
07/14/16 18:16:56:863.000  - [512182] TRACE - Brand: Apple [/Users/sdkpublishbuilder/.jenkins/workspace/VR3_MojingSDKIOS/jni/Interface/ios/MojingIOSAPI.mm:107]
07/14/16 18:16:56:863.000  - [512182] WARN - GetMobileModelName failed [/Users/sdkpublishbuilder/.jenkins/workspace/VR3_MojingSDKIOS/jni/Interface/ios/MojingIOSBase.mm:414]
07/14/16 18:16:56:863.000  - [512182] TRACE - Model: iPad5,3 [/Users/sdkpublishbuilder/.jenkins/workspace/VR3_MojingSDKIOS/jni/Interface/ios/MojingIOSAPI.mm:109]
07/14/16 18:16:56:866.000  - [512182] TRACE - Serial: 56335F086F3446F7B8A86FA94E2DD7DD [/Users/sdkpublishbuilder/.jenkins/workspace/VR3_MojingSDKIOS/jni/Interface/ios/MojingIOSAPI.mm:111]
07/14/16 18:16:56:867.000  - [512182] ERROR - GetMobileScreenSize failed! The device is not supported. [/Users/sdkpublishbuilder/.jenkins/workspace/VR3_MojingSDKIOS/jni/Interface/ios/MojingIOSBase.mm:477]
07/14/16 18:16:56:867.000  - [512182] TRACE - Leave MojingSDK_API_Init [/Users/sdkpublishbuilder/.jenkins/workspace/VR3_MojingSDKIOS/jni/Interface/ios/MojingIOSAPI.mm:75]
07/15/16 11:24:19:639.000  - [544439] TRACE - Enter MojingSDK_API_Init [/Users/sdkpublishbuilder/.jenkins/workspace/VR3_MojingSDKIOS/jni/Interface/ios/MojingIOSAPI.mm:75]
07/15/16 11:24:19:639.000  - [544439] TRACE - Init under MAC OS [/Users/sdkpublishbuilder/.jenkins/workspace/VR3_MojingSDKIOS/jni/Interface/ios/MojingIOSAPI.mm:77]
07/15/16 11:24:19:639.000  - [544439] TRACE - Init under iOS [/Users/sdkpublishbuilder/.jenkins/workspace/VR3_MojingSDKIOS/jni/Interface/ios/MojingIOSAPI.mm:85]
07/15/16 11:24:19:639.000  - [544439] TRACE - Init under IPHONE [/Users/sdkpublishbuilder/.jenkins/workspace/VR3_MojingSDKIOS/jni/Interface/ios/MojingIOSAPI.mm:88]
07/15/16 11:24:19:639.000  - [544439] TRACE - Brand: Apple [/Users/sdkpublishbuilder/.jenkins/workspace/VR3_MojingSDKIOS/jni/Interface/ios/MojingIOSAPI.mm:107]
07/15/16 11:24:19:640.000  - [544439] WARN - GetMobileModelName failed [/Users/sdkpublishbuilder/.jenkins/workspace/VR3_MojingSDKIOS/jni/Interface/ios/MojingIOSBase.mm:414]
07/15/16 11:24:19:640.000  - [544439] TRACE - Model: iPad5,3 [/Users/sdkpublishbuilder/.jenkins/workspace/VR3_MojingSDKIOS/jni/Interface/ios/MojingIOSAPI.mm:109]
07/15/16 11:24:19:643.000  - [544439] TRACE - Serial: 56335F086F3446F7B8A86FA94E2DD7DD [/Users/sdkpublishbuilder/.jenkins/workspace/VR3_MojingSDKIOS/jni/Interface/ios/MojingIOSAPI.mm:111]
07/15/16 11:24:19:643.000  - [544439] ERROR - GetMobileScreenSize failed! The device is not supported. [/Users/sdkpublishbuilder/.jenkins/workspace/VR3_MojingSDKIOS/jni/Interface/ios/MojingIOSBase.mm:477]
07/15/16 11:24:19:643.000  - [544439] TRACE - Leave MojingSDK_API_Init [/Users/sdkpublishbuilder/.jenkins/workspace/VR3_MojingSDKIOS/jni/Interface/ios/MojingIOSAPI.mm:75]
07/15/16 11:43:07:330.000  - [547869] TRACE - Enter MojingSDK_API_Init [/Users/sdkpublishbuilder/.jenkins/workspace/VR3_MojingSDKIOS/jni/Interface/ios/MojingIOSAPI.mm:75]
07/15/16 11:43:07:331.000  - [547869] TRACE - Init under MAC OS [/Users/sdkpublishbuilder/.jenkins/workspace/VR3_MojingSDKIOS/jni/Interface/ios/MojingIOSAPI.mm:77]
07/15/16 11:43:07:331.000  - [547869] TRACE - Init under iOS [/Users/sdkpublishbuilder/.jenkins/workspace/VR3_MojingSDKIOS/jni/Interface/ios/MojingIOSAPI.mm:85]
07/15/16 11:43:07:331.000  - [547869] TRACE - Init under IPHONE [/Users/sdkpublishbuilder/.jenkins/workspace/VR3_MojingSDKIOS/jni/Interface/ios/MojingIOSAPI.mm:88]
07/15/16 11:43:07:331.000  - [547869] TRACE - Brand: Apple [/Users/sdkpublishbuilder/.jenkins/workspace/VR3_MojingSDKIOS/jni/Interface/ios/MojingIOSAPI.mm:107]
07/15/16 11:43:07:331.000  - [547869] WARN - GetMobileModelName failed [/Users/sdkpublishbuilder/.jenkins/workspace/VR3_MojingSDKIOS/jni/Interface/ios/MojingIOSBase.mm:414]
07/15/16 11:43:07:331.000  - [547869] TRACE - Model: iPad5,3 [/Users/sdkpublishbuilder/.jenkins/workspace/VR3_MojingSDKIOS/jni/Interface/ios/MojingIOSAPI.mm:109]
07/15/16 11:43:07:338.000  - [547869] TRACE - Serial: 56335F086F3446F7B8A86FA94E2DD7DD [/Users/sdkpublishbuilder/.jenkins/workspace/VR3_MojingSDKIOS/jni/Interface/ios/MojingIOSAPI.mm:111]
07/15/16 11:43:07:338.000  - [547869] ERROR - GetMobileScreenSize failed! The device is not supported. [/Users/sdkpublishbuilder/.jenkins/workspace/VR3_MojingSDKIOS/jni/Interface/ios/MojingIOSBase.mm:477]
07/15/16 11:43:07:338.000  - [547869] TRACE - Leave MojingSDK_API_Init [/Users/sdkpublishbuilder/.jenkins/workspace/VR3_MojingSDKIOS/jni/Interface/ios/MojingIOSAPI.mm:75]
07/15/16 13:44:52:177.000  - [560161] TRACE - Enter MojingSDK_API_Init [/Users/sdkpublishbuilder/.jenkins/workspace/VR3_MojingSDKIOS/jni/Interface/ios/MojingIOSAPI.mm:75]
07/15/16 13:44:52:178.000  - [560161] TRACE - Init under MAC OS [/Users/sdkpublishbuilder/.jenkins/workspace/VR3_MojingSDKIOS/jni/Interface/ios/MojingIOSAPI.mm:77]
07/15/16 13:44:52:178.000  - [560161] TRACE - Init under iOS [/Users/sdkpublishbuilder/.jenkins/workspace/VR3_MojingSDKIOS/jni/Interface/ios/MojingIOSAPI.mm:85]
07/15/16 13:44:52:178.000  - [560161] TRACE - Init under IPHONE [/Users/sdkpublishbuilder/.jenkins/workspace/VR3_MojingSDKIOS/jni/Interface/ios/MojingIOSAPI.mm:88]
07/15/16 13:44:52:178.000  - [560161] TRACE - Brand: Apple [/Users/sdkpublishbuilder/.jenkins/workspace/VR3_MojingSDKIOS/jni/Interface/ios/MojingIOSAPI.mm:107]
07/15/16 13:44:52:178.000  - [560161] WARN - GetMobileModelName failed [/Users/sdkpublishbuilder/.jenkins/workspace/VR3_MojingSDKIOS/jni/Interface/ios/MojingIOSBase.mm:414]
07/15/16 13:44:52:178.000  - [560161] TRACE - Model: iPad5,3 [/Users/sdkpublishbuilder/.jenkins/workspace/VR3_MojingSDKIOS/jni/Interface/ios/MojingIOSAPI.mm:109]
07/15/16 13:44:52:182.000  - [560161] TRACE - Serial: 56335F086F3446F7B8A86FA94E2DD7DD [/Users/sdkpublishbuilder/.jenkins/workspace/VR3_MojingSDKIOS/jni/Interface/ios/MojingIOSAPI.mm:111]
07/15/16 13:44:52:183.000  - [560161] ERROR - GetMobileScreenSize failed! The device is not supported. [/Users/sdkpublishbuilder/.jenkins/workspace/VR3_MojingSDKIOS/jni/Interface/ios/MojingIOSBase.mm:477]
07/15/16 13:44:52:183.000  - [560161] TRACE - Leave MojingSDK_API_Init [/Users/sdkpublishbuilder/.jenkins/workspace/VR3_MojingSDKIOS/jni/Interface/ios/MojingIOSAPI.mm:75]
07/15/16 14:55:06:760.000  - [576753] TRACE - Enter MojingSDK_API_Init [/Users/sdkpublishbuilder/.jenkins/workspace/VR3_MojingSDKIOS/jni/Interface/ios/MojingIOSAPI.mm:75]
07/15/16 14:55:06:761.000  - [576753] TRACE - Init under MAC OS [/Users/sdkpublishbuilder/.jenkins/workspace/VR3_MojingSDKIOS/jni/Interface/ios/MojingIOSAPI.mm:77]
07/15/16 14:55:06:761.000  - [576753] TRACE - Init under iOS [/Users/sdkpublishbuilder/.jenkins/workspace/VR3_MojingSDKIOS/jni/Interface/ios/MojingIOSAPI.mm:85]
07/15/16 14:55:06:761.000  - [576753] TRACE - Init under IPHONE [/Users/sdkpublishbuilder/.jenkins/workspace/VR3_MojingSDKIOS/jni/Interface/ios/MojingIOSAPI.mm:88]
07/15/16 14:55:06:761.000  - [576753] TRACE - Brand: Apple [/Users/sdkpublishbuilder/.jenkins/workspace/VR3_MojingSDKIOS/jni/Interface/ios/MojingIOSAPI.mm:107]
07/15/16 14:55:06:761.000  - [576753] WARN - GetMobileModelName failed [/Users/sdkpublishbuilder/.jenkins/workspace/VR3_MojingSDKIOS/jni/Interface/ios/MojingIOSBase.mm:414]
07/15/16 14:55:06:761.000  - [576753] TRACE - Model: iPad5,3 [/Users/sdkpublishbuilder/.jenkins/workspace/VR3_MojingSDKIOS/jni/Interface/ios/MojingIOSAPI.mm:109]
07/15/16 14:55:06:765.000  - [576753] TRACE - Serial: 56335F086F3446F7B8A86FA94E2DD7DD [/Users/sdkpublishbuilder/.jenkins/workspace/VR3_MojingSDKIOS/jni/Interface/ios/MojingIOSAPI.mm:111]
07/15/16 14:55:06:765.000  - [576753] ERROR - GetMobileScreenSize failed! The device is not supported. [/Users/sdkpublishbuilder/.jenkins/workspace/VR3_MojingSDKIOS/jni/Interface/ios/MojingIOSBase.mm:477]
07/15/16 14:55:06:765.000  - [576753] TRACE - Leave MojingSDK_API_Init [/Users/sdkpublishbuilder/.jenkins/workspace/VR3_MojingSDKIOS/jni/Interface/ios/MojingIOSAPI.mm:75]
07/15/16 14:59:14:902.000  - [577950] TRACE - Enter MojingSDK_API_Init [/Users/sdkpublishbuilder/.jenkins/workspace/VR3_MojingSDKIOS/jni/Interface/ios/MojingIOSAPI.mm:75]
07/15/16 14:59:14:902.000  - [577950] TRACE - Init under MAC OS [/Users/sdkpublishbuilder/.jenkins/workspace/VR3_MojingSDKIOS/jni/Interface/ios/MojingIOSAPI.mm:77]
07/15/16 14:59:14:902.000  - [577950] TRACE - Init under iOS [/Users/sdkpublishbuilder/.jenkins/workspace/VR3_MojingSDKIOS/jni/Interface/ios/MojingIOSAPI.mm:85]
07/15/16 14:59:14:902.000  - [577950] TRACE - Init under IPHONE [/Users/sdkpublishbuilder/.jenkins/workspace/VR3_MojingSDKIOS/jni/Interface/ios/MojingIOSAPI.mm:88]
07/15/16 14:59:14:902.000  - [577950] TRACE - Brand: Apple [/Users/sdkpublishbuilder/.jenkins/workspace/VR3_MojingSDKIOS/jni/Interface/ios/MojingIOSAPI.mm:107]
07/15/16 14:59:14:902.000  - [577950] WARN - GetMobileModelName failed [/Users/sdkpublishbuilder/.jenkins/workspace/VR3_MojingSDKIOS/jni/Interface/ios/MojingIOSBase.mm:414]
07/15/16 14:59:14:902.000  - [577950] TRACE - Model: iPad5,3 [/Users/sdkpublishbuilder/.jenkins/workspace/VR3_MojingSDKIOS/jni/Interface/ios/MojingIOSAPI.mm:109]
07/15/16 14:59:14:908.000  - [577950] TRACE - Serial: 56335F086F3446F7B8A86FA94E2DD7DD [/Users/sdkpublishbuilder/.jenkins/workspace/VR3_MojingSDKIOS/jni/Interface/ios/MojingIOSAPI.mm:111]
07/15/16 14:59:14:908.000  - [577950] ERROR - GetMobileScreenSize failed! The device is not supported. [/Users/sdkpublishbuilder/.jenkins/workspace/VR3_MojingSDKIOS/jni/Interface/ios/MojingIOSBase.mm:477]
07/15/16 14:59:14:908.000  - [577950] TRACE - Leave MojingSDK_API_Init [/Users/sdkpublishbuilder/.jenkins/workspace/VR3_MojingSDKIOS/jni/Interface/ios/MojingIOSAPI.mm:75]
07/15/16 15:00:25:220.000  - [578531] TRACE - Enter MojingSDK_API_Init [/Users/sdkpublishbuilder/.jenkins/workspace/VR3_MojingSDKIOS/jni/Interface/ios/MojingIOSAPI.mm:75]
07/15/16 15:00:25:220.000  - [578531] TRACE - Init under MAC OS [/Users/sdkpublishbuilder/.jenkins/workspace/VR3_MojingSDKIOS/jni/Interface/ios/MojingIOSAPI.mm:77]
07/15/16 15:00:25:220.000  - [578531] TRACE - Init under iOS [/Users/sdkpublishbuilder/.jenkins/workspace/VR3_MojingSDKIOS/jni/Interface/ios/MojingIOSAPI.mm:85]
07/15/16 15:00:25:220.000  - [578531] TRACE - Init under IPHONE [/Users/sdkpublishbuilder/.jenkins/workspace/VR3_MojingSDKIOS/jni/Interface/ios/MojingIOSAPI.mm:88]
07/15/16 15:00:25:220.000  - [578531] TRACE - Brand: Apple [/Users/sdkpublishbuilder/.jenkins/workspace/VR3_MojingSDKIOS/jni/Interface/ios/MojingIOSAPI.mm:107]
07/15/16 15:00:25:220.000  - [578531] WARN - GetMobileModelName failed [/Users/sdkpublishbuilder/.jenkins/workspace/VR3_MojingSDKIOS/jni/Interface/ios/MojingIOSBase.mm:414]
07/15/16 15:00:25:220.000  - [578531] TRACE - Model: iPad5,3 [/Users/sdkpublishbuilder/.jenkins/workspace/VR3_MojingSDKIOS/jni/Interface/ios/MojingIOSAPI.mm:109]
07/15/16 15:00:25:226.000  - [578531] TRACE - Serial: 56335F086F3446F7B8A86FA94E2DD7DD [/Users/sdkpublishbuilder/.jenkins/workspace/VR3_MojingSDKIOS/jni/Interface/ios/MojingIOSAPI.mm:111]
07/15/16 15:00:25:227.000  - [578531] ERROR - GetMobileScreenSize failed! The device is not supported. [/Users/sdkpublishbuilder/.jenkins/workspace/VR3_MojingSDKIOS/jni/Interface/ios/MojingIOSBase.mm:477]
07/15/16 15:00:25:227.000  - [578531] TRACE - Leave MojingSDK_API_Init [/Users/sdkpublishbuilder/.jenkins/workspace/VR3_MojingSDKIOS/jni/Interface/ios/MojingIOSAPI.mm:75]
07/15/16 15:01:15:390.000  - [579013] TRACE - Enter MojingSDK_API_Init [/Users/sdkpublishbuilder/.jenkins/workspace/VR3_MojingSDKIOS/jni/Interface/ios/MojingIOSAPI.mm:75]
07/15/16 15:01:15:390.000  - [579013] TRACE - Init under MAC OS [/Users/sdkpublishbuilder/.jenkins/workspace/VR3_MojingSDKIOS/jni/Interface/ios/MojingIOSAPI.mm:77]
07/15/16 15:01:15:390.000  - [579013] TRACE - Init under iOS [/Users/sdkpublishbuilder/.jenkins/workspace/VR3_MojingSDKIOS/jni/Interface/ios/MojingIOSAPI.mm:85]
07/15/16 15:01:15:390.000  - [579013] TRACE - Init under IPHONE [/Users/sdkpublishbuilder/.jenkins/workspace/VR3_MojingSDKIOS/jni/Interface/ios/MojingIOSAPI.mm:88]
07/15/16 15:01:15:390.000  - [579013] TRACE - Brand: Apple [/Users/sdkpublishbuilder/.jenkins/workspace/VR3_MojingSDKIOS/jni/Interface/ios/MojingIOSAPI.mm:107]
07/15/16 15:01:15:391.000  - [579013] WARN - GetMobileModelName failed [/Users/sdkpublishbuilder/.jenkins/workspace/VR3_MojingSDKIOS/jni/Interface/ios/MojingIOSBase.mm:414]
07/15/16 15:01:15:391.000  - [579013] TRACE - Model: iPad5,3 [/Users/sdkpublishbuilder/.jenkins/workspace/VR3_MojingSDKIOS/jni/Interface/ios/MojingIOSAPI.mm:109]
07/15/16 15:01:15:397.000  - [579013] TRACE - Serial: 56335F086F3446F7B8A86FA94E2DD7DD [/Users/sdkpublishbuilder/.jenkins/workspace/VR3_MojingSDKIOS/jni/Interface/ios/MojingIOSAPI.mm:111]
07/15/16 15:01:15:397.000  - [579013] ERROR - GetMobileScreenSize failed! The device is not supported. [/Users/sdkpublishbuilder/.jenkins/workspace/VR3_MojingSDKIOS/jni/Interface/ios/MojingIOSBase.mm:477]
07/15/16 15:01:15:397.000  - [579013] TRACE - Leave MojingSDK_API_Init [/Users/sdkpublishbuilder/.jenkins/workspace/VR3_MojingSDKIOS/jni/Interface/ios/MojingIOSAPI.mm:75]
07/15/16 15:02:58:790.000  - [579707] TRACE - Enter MojingSDK_API_Init [/Users/sdkpublishbuilder/.jenkins/workspace/VR3_MojingSDKIOS/jni/Interface/ios/MojingIOSAPI.mm:75]
07/15/16 15:02:58:790.000  - [579707] TRACE - Init under MAC OS [/Users/sdkpublishbuilder/.jenkins/workspace/VR3_MojingSDKIOS/jni/Interface/ios/MojingIOSAPI.mm:77]
07/15/16 15:02:58:790.000  - [579707] TRACE - Init under iOS [/Users/sdkpublishbuilder/.jenkins/workspace/VR3_MojingSDKIOS/jni/Interface/ios/MojingIOSAPI.mm:85]
07/15/16 15:02:58:790.000  - [579707] TRACE - Init under IPHONE [/Users/sdkpublishbuilder/.jenkins/workspace/VR3_MojingSDKIOS/jni/Interface/ios/MojingIOSAPI.mm:88]
07/15/16 15:02:58:790.000  - [579707] TRACE - Brand: Apple [/Users/sdkpublishbuilder/.jenkins/workspace/VR3_MojingSDKIOS/jni/Interface/ios/MojingIOSAPI.mm:107]
07/15/16 15:02:58:791.000  - [579707] WARN - GetMobileModelName failed [/Users/sdkpublishbuilder/.jenkins/workspace/VR3_MojingSDKIOS/jni/Interface/ios/MojingIOSBase.mm:414]
07/15/16 15:02:58:791.000  - [579707] TRACE - Model: iPad5,3 [/Users/sdkpublishbuilder/.jenkins/workspace/VR3_MojingSDKIOS/jni/Interface/ios/MojingIOSAPI.mm:109]
07/15/16 15:02:58:797.000  - [579707] TRACE - Serial: 56335F086F3446F7B8A86FA94E2DD7DD [/Users/sdkpublishbuilder/.jenkins/workspace/VR3_MojingSDKIOS/jni/Interface/ios/MojingIOSAPI.mm:111]
07/15/16 15:02:58:797.000  - [579707] ERROR - GetMobileScreenSize failed! The device is not supported. [/Users/sdkpublishbuilder/.jenkins/workspace/VR3_MojingSDKIOS/jni/Interface/ios/MojingIOSBase.mm:477]
07/15/16 15:02:58:797.000  - [579707] TRACE - Leave MojingSDK_API_Init [/Users/sdkpublishbuilder/.jenkins/workspace/VR3_MojingSDKIOS/jni/Interface/ios/MojingIOSAPI.mm:75]
07/15/16 15:07:49:149.000  - [581027] TRACE - Enter MojingSDK_API_Init [/Users/sdkpublishbuilder/.jenkins/workspace/VR3_MojingSDKIOS/jni/Interface/ios/MojingIOSAPI.mm:75]
07/15/16 15:07:49:149.000  - [581027] TRACE - Init under MAC OS [/Users/sdkpublishbuilder/.jenkins/workspace/VR3_MojingSDKIOS/jni/Interface/ios/MojingIOSAPI.mm:77]
07/15/16 15:07:49:149.000  - [581027] TRACE - Init under iOS [/Users/sdkpublishbuilder/.jenkins/workspace/VR3_MojingSDKIOS/jni/Interface/ios/MojingIOSAPI.mm:85]
07/15/16 15:07:49:149.000  - [581027] TRACE - Init under IPHONE [/Users/sdkpublishbuilder/.jenkins/workspace/VR3_MojingSDKIOS/jni/Interface/ios/MojingIOSAPI.mm:88]
07/15/16 15:07:49:149.000  - [581027] TRACE - Brand: Apple [/Users/sdkpublishbuilder/.jenkins/workspace/VR3_MojingSDKIOS/jni/Interface/ios/MojingIOSAPI.mm:107]
07/15/16 15:07:49:149.000  - [581027] WARN - GetMobileModelName failed [/Users/sdkpublishbuilder/.jenkins/workspace/VR3_MojingSDKIOS/jni/Interface/ios/MojingIOSBase.mm:414]
07/15/16 15:07:49:149.000  - [581027] TRACE - Model: iPad5,3 [/Users/sdkpublishbuilder/.jenkins/workspace/VR3_MojingSDKIOS/jni/Interface/ios/MojingIOSAPI.mm:109]
07/15/16 15:07:49:156.000  - [581027] TRACE - Serial: 56335F086F3446F7B8A86FA94E2DD7DD [/Users/sdkpublishbuilder/.jenkins/workspace/VR3_MojingSDKIOS/jni/Interface/ios/MojingIOSAPI.mm:111]
07/15/16 15:07:49:156.000  - [581027] ERROR - GetMobileScreenSize failed! The device is not supported. [/Users/sdkpublishbuilder/.jenkins/workspace/VR3_MojingSDKIOS/jni/Interface/ios/MojingIOSBase.mm:477]
07/15/16 15:07:49:156.000  - [581027] TRACE - Leave MojingSDK_API_Init [/Users/sdkpublishbuilder/.jenkins/workspace/VR3_MojingSDKIOS/jni/Interface/ios/MojingIOSAPI.mm:75]
07/15/16 15:12:01:076.000  - [582135] TRACE - Enter MojingSDK_API_Init [/Users/sdkpublishbuilder/.jenkins/workspace/VR3_MojingSDKIOS/jni/Interface/ios/MojingIOSAPI.mm:75]
07/15/16 15:12:01:076.000  - [582135] TRACE - Init under MAC OS [/Users/sdkpublishbuilder/.jenkins/workspace/VR3_MojingSDKIOS/jni/Interface/ios/MojingIOSAPI.mm:77]
07/15/16 15:12:01:076.000  - [582135] TRACE - Init under iOS [/Users/sdkpublishbuilder/.jenkins/workspace/VR3_MojingSDKIOS/jni/Interface/ios/MojingIOSAPI.mm:85]
07/15/16 15:12:01:076.000  - [582135] TRACE - Init under IPHONE [/Users/sdkpublishbuilder/.jenkins/workspace/VR3_MojingSDKIOS/jni/Interface/ios/MojingIOSAPI.mm:88]
07/15/16 15:12:01:076.000  - [582135] TRACE - Brand: Apple [/Users/sdkpublishbuilder/.jenkins/workspace/VR3_MojingSDKIOS/jni/Interface/ios/MojingIOSAPI.mm:107]
07/15/16 15:12:01:076.000  - [582135] WARN - GetMobileModelName failed [/Users/sdkpublishbuilder/.jenkins/workspace/VR3_MojingSDKIOS/jni/Interface/ios/MojingIOSBase.mm:414]
07/15/16 15:12:01:076.000  - [582135] TRACE - Model: iPad5,3 [/Users/sdkpublishbuilder/.jenkins/workspace/VR3_MojingSDKIOS/jni/Interface/ios/MojingIOSAPI.mm:109]
07/15/16 15:12:01:082.000  - [582135] TRACE - Serial: 56335F086F3446F7B8A86FA94E2DD7DD [/Users/sdkpublishbuilder/.jenkins/workspace/VR3_MojingSDKIOS/jni/Interface/ios/MojingIOSAPI.mm:111]
07/15/16 15:12:01:082.000  - [582135] ERROR - GetMobileScreenSize failed! The device is not supported. [/Users/sdkpublishbuilder/.jenkins/workspace/VR3_MojingSDKIOS/jni/Interface/ios/MojingIOSBase.mm:477]
07/15/16 15:12:01:082.000  - [582135] TRACE - Leave MojingSDK_API_Init [/Users/sdkpublishbuilder/.jenkins/workspace/VR3_MojingSDKIOS/jni/Interface/ios/MojingIOSAPI.mm:75]
07/15/16 15:13:50:803.000  - [582893] TRACE - Enter MojingSDK_API_Init [/Users/sdkpublishbuilder/.jenkins/workspace/VR3_MojingSDKIOS/jni/Interface/ios/MojingIOSAPI.mm:75]
07/15/16 15:13:50:803.000  - [582893] TRACE - Init under MAC OS [/Users/sdkpublishbuilder/.jenkins/workspace/VR3_MojingSDKIOS/jni/Interface/ios/MojingIOSAPI.mm:77]
07/15/16 15:13:50:803.000  - [582893] TRACE - Init under iOS [/Users/sdkpublishbuilder/.jenkins/workspace/VR3_MojingSDKIOS/jni/Interface/ios/MojingIOSAPI.mm:85]
07/15/16 15:13:50:803.000  - [582893] TRACE - Init under IPHONE [/Users/sdkpublishbuilder/.jenkins/workspace/VR3_MojingSDKIOS/jni/Interface/ios/MojingIOSAPI.mm:88]
07/15/16 15:13:50:803.000  - [582893] TRACE - Brand: Apple [/Users/sdkpublishbuilder/.jenkins/workspace/VR3_MojingSDKIOS/jni/Interface/ios/MojingIOSAPI.mm:107]
07/15/16 15:13:50:803.000  - [582893] WARN - GetMobileModelName failed [/Users/sdkpublishbuilder/.jenkins/workspace/VR3_MojingSDKIOS/jni/Interface/ios/MojingIOSBase.mm:414]
07/15/16 15:13:50:803.000  - [582893] TRACE - Model: iPad5,3 [/Users/sdkpublishbuilder/.jenkins/workspace/VR3_MojingSDKIOS/jni/Interface/ios/MojingIOSAPI.mm:109]
07/15/16 15:13:50:809.000  - [582893] TRACE - Serial: 56335F086F3446F7B8A86FA94E2DD7DD [/Users/sdkpublishbuilder/.jenkins/workspace/VR3_MojingSDKIOS/jni/Interface/ios/MojingIOSAPI.mm:111]
07/15/16 15:13:50:810.000  - [582893] ERROR - GetMobileScreenSize failed! The device is not supported. [/Users/sdkpublishbuilder/.jenkins/workspace/VR3_MojingSDKIOS/jni/Interface/ios/MojingIOSBase.mm:477]
07/15/16 15:13:50:810.000  - [582893] TRACE - Leave MojingSDK_API_Init [/Users/sdkpublishbuilder/.jenkins/workspace/VR3_MojingSDKIOS/jni/Interface/ios/MojingIOSAPI.mm:75]
07/15/16 15:23:28:137.000  - [584517] TRACE - Enter MojingSDK_API_Init [/Users/sdkpublishbuilder/.jenkins/workspace/VR3_MojingSDKIOS/jni/Interface/ios/MojingIOSAPI.mm:75]
07/15/16 15:23:28:137.000  - [584517] TRACE - Init under MAC OS [/Users/sdkpublishbuilder/.jenkins/workspace/VR3_MojingSDKIOS/jni/Interface/ios/MojingIOSAPI.mm:77]
07/15/16 15:23:28:137.000  - [584517] TRACE - Init under iOS [/Users/sdkpublishbuilder/.jenkins/workspace/VR3_MojingSDKIOS/jni/Interface/ios/MojingIOSAPI.mm:85]
07/15/16 15:23:28:137.000  - [584517] TRACE - Init under IPHONE [/Users/sdkpublishbuilder/.jenkins/workspace/VR3_MojingSDKIOS/jni/Interface/ios/MojingIOSAPI.mm:88]
07/15/16 15:23:28:137.000  - [584517] TRACE - Brand: Apple [/Users/sdkpublishbuilder/.jenkins/workspace/VR3_MojingSDKIOS/jni/Interface/ios/MojingIOSAPI.mm:107]
07/15/16 15:23:28:137.000  - [584517] WARN - GetMobileModelName failed [/Users/sdkpublishbuilder/.jenkins/workspace/VR3_MojingSDKIOS/jni/Interface/ios/MojingIOSBase.mm:414]
07/15/16 15:23:28:137.000  - [584517] TRACE - Model: iPad5,3 [/Users/sdkpublishbuilder/.jenkins/workspace/VR3_MojingSDKIOS/jni/Interface/ios/MojingIOSAPI.mm:109]
07/15/16 15:23:28:144.000  - [584517] TRACE - Serial: 56335F086F3446F7B8A86FA94E2DD7DD [/Users/sdkpublishbuilder/.jenkins/workspace/VR3_MojingSDKIOS/jni/Interface/ios/MojingIOSAPI.mm:111]
07/15/16 15:23:28:144.000  - [584517] ERROR - GetMobileScreenSize failed! The device is not supported. [/Users/sdkpublishbuilder/.jenkins/workspace/VR3_MojingSDKIOS/jni/Interface/ios/MojingIOSBase.mm:477]
07/15/16 15:23:28:144.000  - [584517] TRACE - Leave MojingSDK_API_Init [/Users/sdkpublishbuilder/.jenkins/workspace/VR3_MojingSDKIOS/jni/Interface/ios/MojingIOSAPI.mm:75]
07/15/16 15:27:07:073.000  - [585459] TRACE - Enter MojingSDK_API_Init [/Users/sdkpublishbuilder/.jenkins/workspace/VR3_MojingSDKIOS/jni/Interface/ios/MojingIOSAPI.mm:75]
07/15/16 15:27:07:073.000  - [585459] TRACE - Init under MAC OS [/Users/sdkpublishbuilder/.jenkins/workspace/VR3_MojingSDKIOS/jni/Interface/ios/MojingIOSAPI.mm:77]
07/15/16 15:27:07:073.000  - [585459] TRACE - Init under iOS [/Users/sdkpublishbuilder/.jenkins/workspace/VR3_MojingSDKIOS/jni/Interface/ios/MojingIOSAPI.mm:85]
07/15/16 15:27:07:073.000  - [585459] TRACE - Init under IPHONE [/Users/sdkpublishbuilder/.jenkins/workspace/VR3_MojingSDKIOS/jni/Interface/ios/MojingIOSAPI.mm:88]
07/15/16 15:27:07:073.000  - [585459] TRACE - Brand: Apple [/Users/sdkpublishbuilder/.jenkins/workspace/VR3_MojingSDKIOS/jni/Interface/ios/MojingIOSAPI.mm:107]
07/15/16 15:27:07:073.000  - [585459] WARN - GetMobileModelName failed [/Users/sdkpublishbuilder/.jenkins/workspace/VR3_MojingSDKIOS/jni/Interface/ios/MojingIOSBase.mm:414]
07/15/16 15:27:07:073.000  - [585459] TRACE - Model: iPad5,3 [/Users/sdkpublishbuilder/.jenkins/workspace/VR3_MojingSDKIOS/jni/Interface/ios/MojingIOSAPI.mm:109]
07/15/16 15:27:07:080.000  - [585459] TRACE - Serial: 56335F086F3446F7B8A86FA94E2DD7DD [/Users/sdkpublishbuilder/.jenkins/workspace/VR3_MojingSDKIOS/jni/Interface/ios/MojingIOSAPI.mm:111]
07/15/16 15:27:07:080.000  - [585459] ERROR - GetMobileScreenSize failed! The device is not supported. [/Users/sdkpublishbuilder/.jenkins/workspace/VR3_MojingSDKIOS/jni/Interface/ios/MojingIOSBase.mm:477]
07/15/16 15:27:07:080.000  - [585459] TRACE - Leave MojingSDK_API_Init [/Users/sdkpublishbuilder/.jenkins/workspace/VR3_MojingSDKIOS/jni/Interface/ios/MojingIOSAPI.mm:75]
07/15/16 15:29:14:751.000  - [586266] TRACE - Enter MojingSDK_API_Init [/Users/sdkpublishbuilder/.jenkins/workspace/VR3_MojingSDKIOS/jni/Interface/ios/MojingIOSAPI.mm:75]
07/15/16 15:29:14:751.000  - [586266] TRACE - Init under MAC OS [/Users/sdkpublishbuilder/.jenkins/workspace/VR3_MojingSDKIOS/jni/Interface/ios/MojingIOSAPI.mm:77]
07/15/16 15:29:14:751.000  - [586266] TRACE - Init under iOS [/Users/sdkpublishbuilder/.jenkins/workspace/VR3_MojingSDKIOS/jni/Interface/ios/MojingIOSAPI.mm:85]
07/15/16 15:29:14:751.000  - [586266] TRACE - Init under IPHONE [/Users/sdkpublishbuilder/.jenkins/workspace/VR3_MojingSDKIOS/jni/Interface/ios/MojingIOSAPI.mm:88]
07/15/16 15:29:14:751.000  - [586266] TRACE - Brand: Apple [/Users/sdkpublishbuilder/.jenkins/workspace/VR3_MojingSDKIOS/jni/Interface/ios/MojingIOSAPI.mm:107]
07/15/16 15:29:14:751.000  - [586266] WARN - GetMobileModelName failed [/Users/sdkpublishbuilder/.jenkins/workspace/VR3_MojingSDKIOS/jni/Interface/ios/MojingIOSBase.mm:414]
07/15/16 15:29:14:752.000  - [586266] TRACE - Model: iPad5,3 [/Users/sdkpublishbuilder/.jenkins/workspace/VR3_MojingSDKIOS/jni/Interface/ios/MojingIOSAPI.mm:109]
07/15/16 15:29:14:758.000  - [586266] TRACE - Serial: 56335F086F3446F7B8A86FA94E2DD7DD [/Users/sdkpublishbuilder/.jenkins/workspace/VR3_MojingSDKIOS/jni/Interface/ios/MojingIOSAPI.mm:111]
07/15/16 15:29:14:758.000  - [586266] ERROR - GetMobileScreenSize failed! The device is not supported. [/Users/sdkpublishbuilder/.jenkins/workspace/VR3_MojingSDKIOS/jni/Interface/ios/MojingIOSBase.mm:477]
07/15/16 15:29:14:758.000  - [586266] TRACE - Leave MojingSDK_API_Init [/Users/sdkpublishbuilder/.jenkins/workspace/VR3_MojingSDKIOS/jni/Interface/ios/MojingIOSAPI.mm:75]
07/15/16 15:30:44:205.000  - [586815] TRACE - Enter MojingSDK_API_Init [/Users/sdkpublishbuilder/.jenkins/workspace/VR3_MojingSDKIOS/jni/Interface/ios/MojingIOSAPI.mm:75]
07/15/16 15:30:44:205.000  - [586815] TRACE - Init under MAC OS [/Users/sdkpublishbuilder/.jenkins/workspace/VR3_MojingSDKIOS/jni/Interface/ios/MojingIOSAPI.mm:77]
07/15/16 15:30:44:205.000  - [586815] TRACE - Init under iOS [/Users/sdkpublishbuilder/.jenkins/workspace/VR3_MojingSDKIOS/jni/Interface/ios/MojingIOSAPI.mm:85]
07/15/16 15:30:44:205.000  - [586815] TRACE - Init under IPHONE [/Users/sdkpublishbuilder/.jenkins/workspace/VR3_MojingSDKIOS/jni/Interface/ios/MojingIOSAPI.mm:88]
07/15/16 15:30:44:205.000  - [586815] TRACE - Brand: Apple [/Users/sdkpublishbuilder/.jenkins/workspace/VR3_MojingSDKIOS/jni/Interface/ios/MojingIOSAPI.mm:107]
07/15/16 15:30:44:205.000  - [586815] WARN - GetMobileModelName failed [/Users/sdkpublishbuilder/.jenkins/workspace/VR3_MojingSDKIOS/jni/Interface/ios/MojingIOSBase.mm:414]
07/15/16 15:30:44:205.000  - [586815] TRACE - Model: iPad5,3 [/Users/sdkpublishbuilder/.jenkins/workspace/VR3_MojingSDKIOS/jni/Interface/ios/MojingIOSAPI.mm:109]
07/15/16 15:30:44:212.000  - [586815] TRACE - Serial: 56335F086F3446F7B8A86FA94E2DD7DD [/Users/sdkpublishbuilder/.jenkins/workspace/VR3_MojingSDKIOS/jni/Interface/ios/MojingIOSAPI.mm:111]
07/15/16 15:30:44:212.000  - [586815] ERROR - GetMobileScreenSize failed! The device is not supported. [/Users/sdkpublishbuilder/.jenkins/workspace/VR3_MojingSDKIOS/jni/Interface/ios/MojingIOSBase.mm:477]
07/15/16 15:30:44:212.000  - [586815] TRACE - Leave MojingSDK_API_Init [/Users/sdkpublishbuilder/.jenkins/workspace/VR3_MojingSDKIOS/jni/Interface/ios/MojingIOSAPI.mm:75]
07/15/16 15:36:44:577.000  - [588045] TRACE - Enter MojingSDK_API_Init [/Users/sdkpublishbuilder/.jenkins/workspace/VR3_MojingSDKIOS/jni/Interface/ios/MojingIOSAPI.mm:75]
07/15/16 15:36:44:577.000  - [588045] TRACE - Init under MAC OS [/Users/sdkpublishbuilder/.jenkins/workspace/VR3_MojingSDKIOS/jni/Interface/ios/MojingIOSAPI.mm:77]
07/15/16 15:36:44:577.000  - [588045] TRACE - Init under iOS [/Users/sdkpublishbuilder/.jenkins/workspace/VR3_MojingSDKIOS/jni/Interface/ios/MojingIOSAPI.mm:85]
07/15/16 15:36:44:577.000  - [588045] TRACE - Init under IPHONE [/Users/sdkpublishbuilder/.jenkins/workspace/VR3_MojingSDKIOS/jni/Interface/ios/MojingIOSAPI.mm:88]
07/15/16 15:36:44:577.000  - [588045] TRACE - Brand: Apple [/Users/sdkpublishbuilder/.jenkins/workspace/VR3_MojingSDKIOS/jni/Interface/ios/MojingIOSAPI.mm:107]
07/15/16 15:36:44:577.000  - [588045] WARN - GetMobileModelName failed [/Users/sdkpublishbuilder/.jenkins/workspace/VR3_MojingSDKIOS/jni/Interface/ios/MojingIOSBase.mm:414]
07/15/16 15:36:44:577.000  - [588045] TRACE - Model: iPad5,3 [/Users/sdkpublishbuilder/.jenkins/workspace/VR3_MojingSDKIOS/jni/Interface/ios/MojingIOSAPI.mm:109]
07/15/16 15:36:44:584.000  - [588045] TRACE - Serial: 56335F086F3446F7B8A86FA94E2DD7DD [/Users/sdkpublishbuilder/.jenkins/workspace/VR3_MojingSDKIOS/jni/Interface/ios/MojingIOSAPI.mm:111]
07/15/16 15:36:44:584.000  - [588045] ERROR - GetMobileScreenSize failed! The device is not supported. [/Users/sdkpublishbuilder/.jenkins/workspace/VR3_MojingSDKIOS/jni/Interface/ios/MojingIOSBase.mm:477]
07/15/16 15:36:44:584.000  - [588045] TRACE - Leave MojingSDK_API_Init [/Users/sdkpublishbuilder/.jenkins/workspace/VR3_MojingSDKIOS/jni/Interface/ios/MojingIOSAPI.mm:75]
07/15/16 15:39:01:669.000  - [588931] TRACE - Enter MojingSDK_API_Init [/Users/sdkpublishbuilder/.jenkins/workspace/VR3_MojingSDKIOS/jni/Interface/ios/MojingIOSAPI.mm:75]
07/15/16 15:39:01:670.000  - [588931] TRACE - Init under MAC OS [/Users/sdkpublishbuilder/.jenkins/workspace/VR3_MojingSDKIOS/jni/Interface/ios/MojingIOSAPI.mm:77]
07/15/16 15:39:01:670.000  - [588931] TRACE - Init under iOS [/Users/sdkpublishbuilder/.jenkins/workspace/VR3_MojingSDKIOS/jni/Interface/ios/MojingIOSAPI.mm:85]
07/15/16 15:39:01:670.000  - [588931] TRACE - Init under IPHONE [/Users/sdkpublishbuilder/.jenkins/workspace/VR3_MojingSDKIOS/jni/Interface/ios/MojingIOSAPI.mm:88]
07/15/16 15:39:01:670.000  - [588931] TRACE - Brand: Apple [/Users/sdkpublishbuilder/.jenkins/workspace/VR3_MojingSDKIOS/jni/Interface/ios/MojingIOSAPI.mm:107]
07/15/16 15:39:01:670.000  - [588931] WARN - GetMobileModelName failed [/Users/sdkpublishbuilder/.jenkins/workspace/VR3_MojingSDKIOS/jni/Interface/ios/MojingIOSBase.mm:414]
07/15/16 15:39:01:670.000  - [588931] TRACE - Model: iPad5,3 [/Users/sdkpublishbuilder/.jenkins/workspace/VR3_MojingSDKIOS/jni/Interface/ios/MojingIOSAPI.mm:109]
07/15/16 15:39:01:676.000  - [588931] TRACE - Serial: 56335F086F3446F7B8A86FA94E2DD7DD [/Users/sdkpublishbuilder/.jenkins/workspace/VR3_MojingSDKIOS/jni/Interface/ios/MojingIOSAPI.mm:111]
07/15/16 15:39:01:676.000  - [588931] ERROR - GetMobileScreenSize failed! The device is not supported. [/Users/sdkpublishbuilder/.jenkins/workspace/VR3_MojingSDKIOS/jni/Interface/ios/MojingIOSBase.mm:477]
07/15/16 15:39:01:676.000  - [588931] TRACE - Leave MojingSDK_API_Init [/Users/sdkpublishbuilder/.jenkins/workspace/VR3_MojingSDKIOS/jni/Interface/ios/MojingIOSAPI.mm:75]
07/15/16 15:45:17:447.000  - [590258] TRACE - Enter MojingSDK_API_Init [/Users/sdkpublishbuilder/.jenkins/workspace/VR3_MojingSDKIOS/jni/Interface/ios/MojingIOSAPI.mm:75]
07/15/16 15:45:17:447.000  - [590258] TRACE - Init under MAC OS [/Users/sdkpublishbuilder/.jenkins/workspace/VR3_MojingSDKIOS/jni/Interface/ios/MojingIOSAPI.mm:77]
07/15/16 15:45:17:447.000  - [590258] TRACE - Init under iOS [/Users/sdkpublishbuilder/.jenkins/workspace/VR3_MojingSDKIOS/jni/Interface/ios/MojingIOSAPI.mm:85]
07/15/16 15:45:17:447.000  - [590258] TRACE - Init under IPHONE [/Users/sdkpublishbuilder/.jenkins/workspace/VR3_MojingSDKIOS/jni/Interface/ios/MojingIOSAPI.mm:88]
07/15/16 15:45:17:447.000  - [590258] TRACE - Brand: Apple [/Users/sdkpublishbuilder/.jenkins/workspace/VR3_MojingSDKIOS/jni/Interface/ios/MojingIOSAPI.mm:107]
07/15/16 15:45:17:447.000  - [590258] WARN - GetMobileModelName failed [/Users/sdkpublishbuilder/.jenkins/workspace/VR3_MojingSDKIOS/jni/Interface/ios/MojingIOSBase.mm:414]
07/15/16 15:45:17:447.000  - [590258] TRACE - Model: iPad5,3 [/Users/sdkpublishbuilder/.jenkins/workspace/VR3_MojingSDKIOS/jni/Interface/ios/MojingIOSAPI.mm:109]
07/15/16 15:45:17:454.000  - [590258] TRACE - Serial: 56335F086F3446F7B8A86FA94E2DD7DD [/Users/sdkpublishbuilder/.jenkins/workspace/VR3_MojingSDKIOS/jni/Interface/ios/MojingIOSAPI.mm:111]
07/15/16 15:45:17:454.000  - [590258] ERROR - GetMobileScreenSize failed! The device is not supported. [/Users/sdkpublishbuilder/.jenkins/workspace/VR3_MojingSDKIOS/jni/Interface/ios/MojingIOSBase.mm:477]
07/15/16 15:45:17:454.000  - [590258] TRACE - Leave MojingSDK_API_Init [/Users/sdkpublishbuilder/.jenkins/workspace/VR3_MojingSDKIOS/jni/Interface/ios/MojingIOSAPI.mm:75]
07/15/16 15:46:34:640.000  - [590730] TRACE - Enter MojingSDK_API_Init [/Users/sdkpublishbuilder/.jenkins/workspace/VR3_MojingSDKIOS/jni/Interface/ios/MojingIOSAPI.mm:75]
07/15/16 15:46:34:640.000  - [590730] TRACE - Init under MAC OS [/Users/sdkpublishbuilder/.jenkins/workspace/VR3_MojingSDKIOS/jni/Interface/ios/MojingIOSAPI.mm:77]
07/15/16 15:46:34:640.000  - [590730] TRACE - Init under iOS [/Users/sdkpublishbuilder/.jenkins/workspace/VR3_MojingSDKIOS/jni/Interface/ios/MojingIOSAPI.mm:85]
07/15/16 15:46:34:640.000  - [590730] TRACE - Init under IPHONE [/Users/sdkpublishbuilder/.jenkins/workspace/VR3_MojingSDKIOS/jni/Interface/ios/MojingIOSAPI.mm:88]
07/15/16 15:46:34:640.000  - [590730] TRACE - Brand: Apple [/Users/sdkpublishbuilder/.jenkins/workspace/VR3_MojingSDKIOS/jni/Interface/ios/MojingIOSAPI.mm:107]
07/15/16 15:46:34:640.000  - [590730] WARN - GetMobileModelName failed [/Users/sdkpublishbuilder/.jenkins/workspace/VR3_MojingSDKIOS/jni/Interface/ios/MojingIOSBase.mm:414]
07/15/16 15:46:34:640.000  - [590730] TRACE - Model: iPad5,3 [/Users/sdkpublishbuilder/.jenkins/workspace/VR3_MojingSDKIOS/jni/Interface/ios/MojingIOSAPI.mm:109]
07/15/16 15:46:34:648.000  - [590730] TRACE - Serial: 56335F086F3446F7B8A86FA94E2DD7DD [/Users/sdkpublishbuilder/.jenkins/workspace/VR3_MojingSDKIOS/jni/Interface/ios/MojingIOSAPI.mm:111]
07/15/16 15:46:34:648.000  - [590730] ERROR - GetMobileScreenSize failed! The device is not supported. [/Users/sdkpublishbuilder/.jenkins/workspace/VR3_MojingSDKIOS/jni/Interface/ios/MojingIOSBase.mm:477]
07/15/16 15:46:34:648.000  - [590730] TRACE - Leave MojingSDK_API_Init [/Users/sdkpublishbuilder/.jenkins/workspace/VR3_MojingSDKIOS/jni/Interface/ios/MojingIOSAPI.mm:75]
07/15/16 15:47:32:271.000  - [591280] TRACE - Enter MojingSDK_API_Init [/Users/sdkpublishbuilder/.jenkins/workspace/VR3_MojingSDKIOS/jni/Interface/ios/MojingIOSAPI.mm:75]
07/15/16 15:47:32:271.000  - [591280] TRACE - Init under MAC OS [/Users/sdkpublishbuilder/.jenkins/workspace/VR3_MojingSDKIOS/jni/Interface/ios/MojingIOSAPI.mm:77]
07/15/16 15:47:32:271.000  - [591280] TRACE - Init under iOS [/Users/sdkpublishbuilder/.jenkins/workspace/VR3_MojingSDKIOS/jni/Interface/ios/MojingIOSAPI.mm:85]
07/15/16 15:47:32:271.000  - [591280] TRACE - Init under IPHONE [/Users/sdkpublishbuilder/.jenkins/workspace/VR3_MojingSDKIOS/jni/Interface/ios/MojingIOSAPI.mm:88]
07/15/16 15:47:32:271.000  - [591280] TRACE - Brand: Apple [/Users/sdkpublishbuilder/.jenkins/workspace/VR3_MojingSDKIOS/jni/Interface/ios/MojingIOSAPI.mm:107]
07/15/16 15:47:32:271.000  - [591280] WARN - GetMobileModelName failed [/Users/sdkpublishbuilder/.jenkins/workspace/VR3_MojingSDKIOS/jni/Interface/ios/MojingIOSBase.mm:414]
07/15/16 15:47:32:271.000  - [591280] TRACE - Model: iPad5,3 [/Users/sdkpublishbuilder/.jenkins/workspace/VR3_MojingSDKIOS/jni/Interface/ios/MojingIOSAPI.mm:109]
07/15/16 15:47:32:279.000  - [591280] TRACE - Serial: 56335F086F3446F7B8A86FA94E2DD7DD [/Users/sdkpublishbuilder/.jenkins/workspace/VR3_MojingSDKIOS/jni/Interface/ios/MojingIOSAPI.mm:111]
07/15/16 15:47:32:279.000  - [591280] ERROR - GetMobileScreenSize failed! The device is not supported. [/Users/sdkpublishbuilder/.jenkins/workspace/VR3_MojingSDKIOS/jni/Interface/ios/MojingIOSBase.mm:477]
07/15/16 15:47:32:279.000  - [591280] TRACE - Leave MojingSDK_API_Init [/Users/sdkpublishbuilder/.jenkins/workspace/VR3_MojingSDKIOS/jni/Interface/ios/MojingIOSAPI.mm:75]
07/15/16 15:50:08:010.000  - [592080] TRACE - Enter MojingSDK_API_Init [/Users/sdkpublishbuilder/.jenkins/workspace/VR3_MojingSDKIOS/jni/Interface/ios/MojingIOSAPI.mm:75]
07/15/16 15:50:08:010.000  - [592080] TRACE - Init under MAC OS [/Users/sdkpublishbuilder/.jenkins/workspace/VR3_MojingSDKIOS/jni/Interface/ios/MojingIOSAPI.mm:77]
07/15/16 15:50:08:010.000  - [592080] TRACE - Init under iOS [/Users/sdkpublishbuilder/.jenkins/workspace/VR3_MojingSDKIOS/jni/Interface/ios/MojingIOSAPI.mm:85]
07/15/16 15:50:08:010.000  - [592080] TRACE - Init under IPHONE [/Users/sdkpublishbuilder/.jenkins/workspace/VR3_MojingSDKIOS/jni/Interface/ios/MojingIOSAPI.mm:88]
07/15/16 15:50:08:010.000  - [592080] TRACE - Brand: Apple [/Users/sdkpublishbuilder/.jenkins/workspace/VR3_MojingSDKIOS/jni/Interface/ios/MojingIOSAPI.mm:107]
07/15/16 15:50:08:010.000  - [592080] WARN - GetMobileModelName failed [/Users/sdkpublishbuilder/.jenkins/workspace/VR3_MojingSDKIOS/jni/Interface/ios/MojingIOSBase.mm:414]
07/15/16 15:50:08:010.000  - [592080] TRACE - Model: iPad5,3 [/Users/sdkpublishbuilder/.jenkins/workspace/VR3_MojingSDKIOS/jni/Interface/ios/MojingIOSAPI.mm:109]
07/15/16 15:50:08:017.000  - [592080] TRACE - Serial: 56335F086F3446F7B8A86FA94E2DD7DD [/Users/sdkpublishbuilder/.jenkins/workspace/VR3_MojingSDKIOS/jni/Interface/ios/MojingIOSAPI.mm:111]
07/15/16 15:50:08:017.000  - [592080] ERROR - GetMobileScreenSize failed! The device is not supported. [/Users/sdkpublishbuilder/.jenkins/workspace/VR3_MojingSDKIOS/jni/Interface/ios/MojingIOSBase.mm:477]
07/15/16 15:50:08:017.000  - [592080] TRACE - Leave MojingSDK_API_Init [/Users/sdkpublishbuilder/.jenkins/workspace/VR3_MojingSDKIOS/jni/Interface/ios/MojingIOSAPI.mm:75]
07/15/16 16:18:37:442.000  - [597254] TRACE - Enter MojingSDK_API_Init [/Users/sdkpublishbuilder/.jenkins/workspace/VR3_MojingSDKIOS/jni/Interface/ios/MojingIOSAPI.mm:75]
07/15/16 16:18:37:442.000  - [597254] TRACE - Init under MAC OS [/Users/sdkpublishbuilder/.jenkins/workspace/VR3_MojingSDKIOS/jni/Interface/ios/MojingIOSAPI.mm:77]
07/15/16 16:18:37:442.000  - [597254] TRACE - Init under iOS [/Users/sdkpublishbuilder/.jenkins/workspace/VR3_MojingSDKIOS/jni/Interface/ios/MojingIOSAPI.mm:85]
07/15/16 16:18:37:442.000  - [597254] TRACE - Init under IPHONE [/Users/sdkpublishbuilder/.jenkins/workspace/VR3_MojingSDKIOS/jni/Interface/ios/MojingIOSAPI.mm:88]
07/15/16 16:18:37:442.000  - [597254] TRACE - Brand: Apple [/Users/sdkpublishbuilder/.jenkins/workspace/VR3_MojingSDKIOS/jni/Interface/ios/MojingIOSAPI.mm:107]
07/15/16 16:18:37:442.000  - [597254] WARN - GetMobileModelName failed [/Users/sdkpublishbuilder/.jenkins/workspace/VR3_MojingSDKIOS/jni/Interface/ios/MojingIOSBase.mm:414]
07/15/16 16:18:37:442.000  - [597254] TRACE - Model: iPad5,3 [/Users/sdkpublishbuilder/.jenkins/workspace/VR3_MojingSDKIOS/jni/Interface/ios/MojingIOSAPI.mm:109]
07/15/16 16:18:37:446.000  - [597254] TRACE - Serial: 56335F086F3446F7B8A86FA94E2DD7DD [/Users/sdkpublishbuilder/.jenkins/workspace/VR3_MojingSDKIOS/jni/Interface/ios/MojingIOSAPI.mm:111]
07/15/16 16:18:37:446.000  - [597254] ERROR - GetMobileScreenSize failed! The device is not supported. [/Users/sdkpublishbuilder/.jenkins/workspace/VR3_MojingSDKIOS/jni/Interface/ios/MojingIOSBase.mm:477]
07/15/16 16:18:37:446.000  - [597254] TRACE - Leave MojingSDK_API_Init [/Users/sdkpublishbuilder/.jenkins/workspace/VR3_MojingSDKIOS/jni/Interface/ios/MojingIOSAPI.mm:75]
07/15/16 16:22:54:430.000  - [598379] TRACE - Enter MojingSDK_API_Init [/Users/sdkpublishbuilder/.jenkins/workspace/VR3_MojingSDKIOS/jni/Interface/ios/MojingIOSAPI.mm:75]
07/15/16 16:22:54:431.000  - [598379] TRACE - Init under MAC OS [/Users/sdkpublishbuilder/.jenkins/workspace/VR3_MojingSDKIOS/jni/Interface/ios/MojingIOSAPI.mm:77]
07/15/16 16:22:54:431.000  - [598379] TRACE - Init under iOS [/Users/sdkpublishbuilder/.jenkins/workspace/VR3_MojingSDKIOS/jni/Interface/ios/MojingIOSAPI.mm:85]
07/15/16 16:22:54:431.000  - [598379] TRACE - Init under IPHONE [/Users/sdkpublishbuilder/.jenkins/workspace/VR3_MojingSDKIOS/jni/Interface/ios/MojingIOSAPI.mm:88]
07/15/16 16:22:54:431.000  - [598379] TRACE - Brand: Apple [/Users/sdkpublishbuilder/.jenkins/workspace/VR3_MojingSDKIOS/jni/Interface/ios/MojingIOSAPI.mm:107]
07/15/16 16:22:54:431.000  - [598379] WARN - GetMobileModelName failed [/Users/sdkpublishbuilder/.jenkins/workspace/VR3_MojingSDKIOS/jni/Interface/ios/MojingIOSBase.mm:414]
07/15/16 16:22:54:431.000  - [598379] TRACE - Model: iPad5,3 [/Users/sdkpublishbuilder/.jenkins/workspace/VR3_MojingSDKIOS/jni/Interface/ios/MojingIOSAPI.mm:109]
07/15/16 16:22:54:434.000  - [598379] TRACE - Serial: 56335F086F3446F7B8A86FA94E2DD7DD [/Users/sdkpublishbuilder/.jenkins/workspace/VR3_MojingSDKIOS/jni/Interface/ios/MojingIOSAPI.mm:111]
07/15/16 16:22:54:434.000  - [598379] ERROR - GetMobileScreenSize failed! The device is not supported. [/Users/sdkpublishbuilder/.jenkins/workspace/VR3_MojingSDKIOS/jni/Interface/ios/MojingIOSBase.mm:477]
07/15/16 16:22:54:434.000  - [598379] TRACE - Leave MojingSDK_API_Init [/Users/sdkpublishbuilder/.jenkins/workspace/VR3_MojingSDKIOS/jni/Interface/ios/MojingIOSAPI.mm:75]
07/15/16 16:25:34:847.000  - [599190] TRACE - Enter MojingSDK_API_Init [/Users/sdkpublishbuilder/.jenkins/workspace/VR3_MojingSDKIOS/jni/Interface/ios/MojingIOSAPI.mm:75]
07/15/16 16:25:34:848.000  - [599190] TRACE - Init under MAC OS [/Users/sdkpublishbuilder/.jenkins/workspace/VR3_MojingSDKIOS/jni/Interface/ios/MojingIOSAPI.mm:77]
07/15/16 16:25:34:848.000  - [599190] TRACE - Init under iOS [/Users/sdkpublishbuilder/.jenkins/workspace/VR3_MojingSDKIOS/jni/Interface/ios/MojingIOSAPI.mm:85]
07/15/16 16:25:34:848.000  - [599190] TRACE - Init under IPHONE [/Users/sdkpublishbuilder/.jenkins/workspace/VR3_MojingSDKIOS/jni/Interface/ios/MojingIOSAPI.mm:88]
07/15/16 16:25:34:848.000  - [599190] TRACE - Brand: Apple [/Users/sdkpublishbuilder/.jenkins/workspace/VR3_MojingSDKIOS/jni/Interface/ios/MojingIOSAPI.mm:107]
07/15/16 16:25:34:848.000  - [599190] WARN - GetMobileModelName failed [/Users/sdkpublishbuilder/.jenkins/workspace/VR3_MojingSDKIOS/jni/Interface/ios/MojingIOSBase.mm:414]
07/15/16 16:25:34:848.000  - [599190] TRACE - Model: iPad5,3 [/Users/sdkpublishbuilder/.jenkins/workspace/VR3_MojingSDKIOS/jni/Interface/ios/MojingIOSAPI.mm:109]
07/15/16 16:25:34:854.000  - [599190] TRACE - Serial: 56335F086F3446F7B8A86FA94E2DD7DD [/Users/sdkpublishbuilder/.jenkins/workspace/VR3_MojingSDKIOS/jni/Interface/ios/MojingIOSAPI.mm:111]
07/15/16 16:25:34:854.000  - [599190] ERROR - GetMobileScreenSize failed! The device is not supported. [/Users/sdkpublishbuilder/.jenkins/workspace/VR3_MojingSDKIOS/jni/Interface/ios/MojingIOSBase.mm:477]
07/15/16 16:25:34:854.000  - [599190] TRACE - Leave MojingSDK_API_Init [/Users/sdkpublishbuilder/.jenkins/workspace/VR3_MojingSDKIOS/jni/Interface/ios/MojingIOSAPI.mm:75]
07/15/16 16:30:48:355.000  - [600396] TRACE - Enter MojingSDK_API_Init [/Users/sdkpublishbuilder/.jenkins/workspace/VR3_MojingSDKIOS/jni/Interface/ios/MojingIOSAPI.mm:75]
07/15/16 16:30:48:355.000  - [600396] TRACE - Init under MAC OS [/Users/sdkpublishbuilder/.jenkins/workspace/VR3_MojingSDKIOS/jni/Interface/ios/MojingIOSAPI.mm:77]
07/15/16 16:30:48:355.000  - [600396] TRACE - Init under iOS [/Users/sdkpublishbuilder/.jenkins/workspace/VR3_MojingSDKIOS/jni/Interface/ios/MojingIOSAPI.mm:85]
07/15/16 16:30:48:355.000  - [600396] TRACE - Init under IPHONE [/Users/sdkpublishbuilder/.jenkins/workspace/VR3_MojingSDKIOS/jni/Interface/ios/MojingIOSAPI.mm:88]
07/15/16 16:30:48:355.000  - [600396] TRACE - Brand: Apple [/Users/sdkpublishbuilder/.jenkins/workspace/VR3_MojingSDKIOS/jni/Interface/ios/MojingIOSAPI.mm:107]
07/15/16 16:30:48:355.000  - [600396] WARN - GetMobileModelName failed [/Users/sdkpublishbuilder/.jenkins/workspace/VR3_MojingSDKIOS/jni/Interface/ios/MojingIOSBase.mm:414]
07/15/16 16:30:48:355.000  - [600396] TRACE - Model: iPad5,3 [/Users/sdkpublishbuilder/.jenkins/workspace/VR3_MojingSDKIOS/jni/Interface/ios/MojingIOSAPI.mm:109]
07/15/16 16:30:48:361.000  - [600396] TRACE - Serial: 56335F086F3446F7B8A86FA94E2DD7DD [/Users/sdkpublishbuilder/.jenkins/workspace/VR3_MojingSDKIOS/jni/Interface/ios/MojingIOSAPI.mm:111]
07/15/16 16:30:48:362.000  - [600396] ERROR - GetMobileScreenSize failed! The device is not supported. [/Users/sdkpublishbuilder/.jenkins/workspace/VR3_MojingSDKIOS/jni/Interface/ios/MojingIOSBase.mm:477]
07/15/16 16:30:48:362.000  - [600396] TRACE - Leave MojingSDK_API_Init [/Users/sdkpublishbuilder/.jenkins/workspace/VR3_MojingSDKIOS/jni/Interface/ios/MojingIOSAPI.mm:75]
07/15/16 16:31:10:596.000  - [600757] TRACE - Enter MojingSDK_API_Init [/Users/sdkpublishbuilder/.jenkins/workspace/VR3_MojingSDKIOS/jni/Interface/ios/MojingIOSAPI.mm:75]
07/15/16 16:31:10:596.000  - [600757] TRACE - Init under MAC OS [/Users/sdkpublishbuilder/.jenkins/workspace/VR3_MojingSDKIOS/jni/Interface/ios/MojingIOSAPI.mm:77]
07/15/16 16:31:10:596.000  - [600757] TRACE - Init under iOS [/Users/sdkpublishbuilder/.jenkins/workspace/VR3_MojingSDKIOS/jni/Interface/ios/MojingIOSAPI.mm:85]
07/15/16 16:31:10:596.000  - [600757] TRACE - Init under IPHONE [/Users/sdkpublishbuilder/.jenkins/workspace/VR3_MojingSDKIOS/jni/Interface/ios/MojingIOSAPI.mm:88]
07/15/16 16:31:10:596.000  - [600757] TRACE - Brand: Apple [/Users/sdkpublishbuilder/.jenkins/workspace/VR3_MojingSDKIOS/jni/Interface/ios/MojingIOSAPI.mm:107]
07/15/16 16:31:10:596.000  - [600757] WARN - GetMobileModelName failed [/Users/sdkpublishbuilder/.jenkins/workspace/VR3_MojingSDKIOS/jni/Interface/ios/MojingIOSBase.mm:414]
07/15/16 16:31:10:596.000  - [600757] TRACE - Model: iPad5,3 [/Users/sdkpublishbuilder/.jenkins/workspace/VR3_MojingSDKIOS/jni/Interface/ios/MojingIOSAPI.mm:109]
07/15/16 16:31:10:603.000  - [600757] TRACE - Serial: 56335F086F3446F7B8A86FA94E2DD7DD [/Users/sdkpublishbuilder/.jenkins/workspace/VR3_MojingSDKIOS/jni/Interface/ios/MojingIOSAPI.mm:111]
07/15/16 16:31:10:603.000  - [600757] ERROR - GetMobileScreenSize failed! The device is not supported. [/Users/sdkpublishbuilder/.jenkins/workspace/VR3_MojingSDKIOS/jni/Interface/ios/MojingIOSBase.mm:477]
07/15/16 16:31:10:603.000  - [600757] TRACE - Leave MojingSDK_API_Init [/Users/sdkpublishbuilder/.jenkins/workspace/VR3_MojingSDKIOS/jni/Interface/ios/MojingIOSAPI.mm:75]
07/15/16 16:32:26:386.000  - [601254] TRACE - Enter MojingSDK_API_Init [/Users/sdkpublishbuilder/.jenkins/workspace/VR3_MojingSDKIOS/jni/Interface/ios/MojingIOSAPI.mm:75]
07/15/16 16:32:26:387.000  - [601254] TRACE - Init under MAC OS [/Users/sdkpublishbuilder/.jenkins/workspace/VR3_MojingSDKIOS/jni/Interface/ios/MojingIOSAPI.mm:77]
07/15/16 16:32:26:387.000  - [601254] TRACE - Init under iOS [/Users/sdkpublishbuilder/.jenkins/workspace/VR3_MojingSDKIOS/jni/Interface/ios/MojingIOSAPI.mm:85]
07/15/16 16:32:26:387.000  - [601254] TRACE - Init under IPHONE [/Users/sdkpublishbuilder/.jenkins/workspace/VR3_MojingSDKIOS/jni/Interface/ios/MojingIOSAPI.mm:88]
07/15/16 16:32:26:387.000  - [601254] TRACE - Brand: Apple [/Users/sdkpublishbuilder/.jenkins/workspace/VR3_MojingSDKIOS/jni/Interface/ios/MojingIOSAPI.mm:107]
07/15/16 16:32:26:387.000  - [601254] WARN - GetMobileModelName failed [/Users/sdkpublishbuilder/.jenkins/workspace/VR3_MojingSDKIOS/jni/Interface/ios/MojingIOSBase.mm:414]
07/15/16 16:32:26:387.000  - [601254] TRACE - Model: iPad5,3 [/Users/sdkpublishbuilder/.jenkins/workspace/VR3_MojingSDKIOS/jni/Interface/ios/MojingIOSAPI.mm:109]
07/15/16 16:32:26:393.000  - [601254] TRACE - Serial: 56335F086F3446F7B8A86FA94E2DD7DD [/Users/sdkpublishbuilder/.jenkins/workspace/VR3_MojingSDKIOS/jni/Interface/ios/MojingIOSAPI.mm:111]
07/15/16 16:32:26:393.000  - [601254] ERROR - GetMobileScreenSize failed! The device is not supported. [/Users/sdkpublishbuilder/.jenkins/workspace/VR3_MojingSDKIOS/jni/Interface/ios/MojingIOSBase.mm:477]
07/15/16 16:32:26:393.000  - [601254] TRACE - Leave MojingSDK_API_Init [/Users/sdkpublishbuilder/.jenkins/workspace/VR3_MojingSDKIOS/jni/Interface/ios/MojingIOSAPI.mm:75]
07/15/16 16:32:39:854.000  - [601543] TRACE - Enter MojingSDK_API_Init [/Users/sdkpublishbuilder/.jenkins/workspace/VR3_MojingSDKIOS/jni/Interface/ios/MojingIOSAPI.mm:75]
07/15/16 16:32:39:854.000  - [601543] TRACE - Init under MAC OS [/Users/sdkpublishbuilder/.jenkins/workspace/VR3_MojingSDKIOS/jni/Interface/ios/MojingIOSAPI.mm:77]
07/15/16 16:32:39:854.000  - [601543] TRACE - Init under iOS [/Users/sdkpublishbuilder/.jenkins/workspace/VR3_MojingSDKIOS/jni/Interface/ios/MojingIOSAPI.mm:85]
07/15/16 16:32:39:854.000  - [601543] TRACE - Init under IPHONE [/Users/sdkpublishbuilder/.jenkins/workspace/VR3_MojingSDKIOS/jni/Interface/ios/MojingIOSAPI.mm:88]
07/15/16 16:32:39:854.000  - [601543] TRACE - Brand: Apple [/Users/sdkpublishbuilder/.jenkins/workspace/VR3_MojingSDKIOS/jni/Interface/ios/MojingIOSAPI.mm:107]
07/15/16 16:32:39:854.000  - [601543] WARN - GetMobileModelName failed [/Users/sdkpublishbuilder/.jenkins/workspace/VR3_MojingSDKIOS/jni/Interface/ios/MojingIOSBase.mm:414]
07/15/16 16:32:39:854.000  - [601543] TRACE - Model: iPad5,3 [/Users/sdkpublishbuilder/.jenkins/workspace/VR3_MojingSDKIOS/jni/Interface/ios/MojingIOSAPI.mm:109]
07/15/16 16:32:39:861.000  - [601543] TRACE - Serial: 56335F086F3446F7B8A86FA94E2DD7DD [/Users/sdkpublishbuilder/.jenkins/workspace/VR3_MojingSDKIOS/jni/Interface/ios/MojingIOSAPI.mm:111]
07/15/16 16:32:39:861.000  - [601543] ERROR - GetMobileScreenSize failed! The device is not supported. [/Users/sdkpublishbuilder/.jenkins/workspace/VR3_MojingSDKIOS/jni/Interface/ios/MojingIOSBase.mm:477]
07/15/16 16:32:39:861.000  - [601543] TRACE - Leave MojingSDK_API_Init [/Users/sdkpublishbuilder/.jenkins/workspace/VR3_MojingSDKIOS/jni/Interface/ios/MojingIOSAPI.mm:75]
07/15/16 16:38:12:888.000  - [602729] TRACE - Enter MojingSDK_API_Init [/Users/sdkpublishbuilder/.jenkins/workspace/VR3_MojingSDKIOS/jni/Interface/ios/MojingIOSAPI.mm:75]
07/15/16 16:38:12:888.000  - [602729] TRACE - Init under MAC OS [/Users/sdkpublishbuilder/.jenkins/workspace/VR3_MojingSDKIOS/jni/Interface/ios/MojingIOSAPI.mm:77]
07/15/16 16:38:12:888.000  - [602729] TRACE - Init under iOS [/Users/sdkpublishbuilder/.jenkins/workspace/VR3_MojingSDKIOS/jni/Interface/ios/MojingIOSAPI.mm:85]
07/15/16 16:38:12:888.000  - [602729] TRACE - Init under IPHONE [/Users/sdkpublishbuilder/.jenkins/workspace/VR3_MojingSDKIOS/jni/Interface/ios/MojingIOSAPI.mm:88]
07/15/16 16:38:12:888.000  - [602729] TRACE - Brand: Apple [/Users/sdkpublishbuilder/.jenkins/workspace/VR3_MojingSDKIOS/jni/Interface/ios/MojingIOSAPI.mm:107]
07/15/16 16:38:12:888.000  - [602729] WARN - GetMobileModelName failed [/Users/sdkpublishbuilder/.jenkins/workspace/VR3_MojingSDKIOS/jni/Interface/ios/MojingIOSBase.mm:414]
07/15/16 16:38:12:888.000  - [602729] TRACE - Model: iPad5,3 [/Users/sdkpublishbuilder/.jenkins/workspace/VR3_MojingSDKIOS/jni/Interface/ios/MojingIOSAPI.mm:109]
07/15/16 16:38:12:895.000  - [602729] TRACE - Serial: 56335F086F3446F7B8A86FA94E2DD7DD [/Users/sdkpublishbuilder/.jenkins/workspace/VR3_MojingSDKIOS/jni/Interface/ios/MojingIOSAPI.mm:111]
07/15/16 16:38:12:895.000  - [602729] ERROR - GetMobileScreenSize failed! The device is not supported. [/Users/sdkpublishbuilder/.jenkins/workspace/VR3_MojingSDKIOS/jni/Interface/ios/MojingIOSBase.mm:477]
07/15/16 16:38:12:895.000  - [602729] TRACE - Leave MojingSDK_API_Init [/Users/sdkpublishbuilder/.jenkins/workspace/VR3_MojingSDKIOS/jni/Interface/ios/MojingIOSAPI.mm:75]
07/15/16 16:40:40:756.000  - [603547] TRACE - Enter MojingSDK_API_Init [/Users/sdkpublishbuilder/.jenkins/workspace/VR3_MojingSDKIOS/jni/Interface/ios/MojingIOSAPI.mm:75]
07/15/16 16:40:40:756.000  - [603547] TRACE - Init under MAC OS [/Users/sdkpublishbuilder/.jenkins/workspace/VR3_MojingSDKIOS/jni/Interface/ios/MojingIOSAPI.mm:77]
07/15/16 16:40:40:756.000  - [603547] TRACE - Init under iOS [/Users/sdkpublishbuilder/.jenkins/workspace/VR3_MojingSDKIOS/jni/Interface/ios/MojingIOSAPI.mm:85]
07/15/16 16:40:40:756.000  - [603547] TRACE - Init under IPHONE [/Users/sdkpublishbuilder/.jenkins/workspace/VR3_MojingSDKIOS/jni/Interface/ios/MojingIOSAPI.mm:88]
07/15/16 16:40:40:756.000  - [603547] TRACE - Brand: Apple [/Users/sdkpublishbuilder/.jenkins/workspace/VR3_MojingSDKIOS/jni/Interface/ios/MojingIOSAPI.mm:107]
07/15/16 16:40:40:756.000  - [603547] WARN - GetMobileModelName failed [/Users/sdkpublishbuilder/.jenkins/workspace/VR3_MojingSDKIOS/jni/Interface/ios/MojingIOSBase.mm:414]
07/15/16 16:40:40:756.000  - [603547] TRACE - Model: iPad5,3 [/Users/sdkpublishbuilder/.jenkins/workspace/VR3_MojingSDKIOS/jni/Interface/ios/MojingIOSAPI.mm:109]
07/15/16 16:40:40:763.000  - [603547] TRACE - Serial: 56335F086F3446F7B8A86FA94E2DD7DD [/Users/sdkpublishbuilder/.jenkins/workspace/VR3_MojingSDKIOS/jni/Interface/ios/MojingIOSAPI.mm:111]
07/15/16 16:40:40:763.000  - [603547] ERROR - GetMobileScreenSize failed! The device is not supported. [/Users/sdkpublishbuilder/.jenkins/workspace/VR3_MojingSDKIOS/jni/Interface/ios/MojingIOSBase.mm:477]
07/15/16 16:40:40:763.000  - [603547] TRACE - Leave MojingSDK_API_Init [/Users/sdkpublishbuilder/.jenkins/workspace/VR3_MojingSDKIOS/jni/Interface/ios/MojingIOSAPI.mm:75]
07/15/16 16:44:33:534.000  - [604466] TRACE - Enter MojingSDK_API_Init [/Users/sdkpublishbuilder/.jenkins/workspace/VR3_MojingSDKIOS/jni/Interface/ios/MojingIOSAPI.mm:75]
07/15/16 16:44:33:534.000  - [604466] TRACE - Init under MAC OS [/Users/sdkpublishbuilder/.jenkins/workspace/VR3_MojingSDKIOS/jni/Interface/ios/MojingIOSAPI.mm:77]
07/15/16 16:44:33:534.000  - [604466] TRACE - Init under iOS [/Users/sdkpublishbuilder/.jenkins/workspace/VR3_MojingSDKIOS/jni/Interface/ios/MojingIOSAPI.mm:85]
07/15/16 16:44:33:534.000  - [604466] TRACE - Init under IPHONE [/Users/sdkpublishbuilder/.jenkins/workspace/VR3_MojingSDKIOS/jni/Interface/ios/MojingIOSAPI.mm:88]
07/15/16 16:44:33:534.000  - [604466] TRACE - Brand: Apple [/Users/sdkpublishbuilder/.jenkins/workspace/VR3_MojingSDKIOS/jni/Interface/ios/MojingIOSAPI.mm:107]
07/15/16 16:44:33:534.000  - [604466] WARN - GetMobileModelName failed [/Users/sdkpublishbuilder/.jenkins/workspace/VR3_MojingSDKIOS/jni/Interface/ios/MojingIOSBase.mm:414]
07/15/16 16:44:33:535.000  - [604466] TRACE - Model: iPad5,3 [/Users/sdkpublishbuilder/.jenkins/workspace/VR3_MojingSDKIOS/jni/Interface/ios/MojingIOSAPI.mm:109]
07/15/16 16:44:33:541.000  - [604466] TRACE - Serial: 56335F086F3446F7B8A86FA94E2DD7DD [/Users/sdkpublishbuilder/.jenkins/workspace/VR3_MojingSDKIOS/jni/Interface/ios/MojingIOSAPI.mm:111]
07/15/16 16:44:33:541.000  - [604466] ERROR - GetMobileScreenSize failed! The device is not supported. [/Users/sdkpublishbuilder/.jenkins/workspace/VR3_MojingSDKIOS/jni/Interface/ios/MojingIOSBase.mm:477]
07/15/16 16:44:33:541.000  - [604466] TRACE - Leave MojingSDK_API_Init [/Users/sdkpublishbuilder/.jenkins/workspace/VR3_MojingSDKIOS/jni/Interface/ios/MojingIOSAPI.mm:75]
07/15/16 16:48:01:156.000  - [605359] TRACE - Enter MojingSDK_API_Init [/Users/sdkpublishbuilder/.jenkins/workspace/VR3_MojingSDKIOS/jni/Interface/ios/MojingIOSAPI.mm:75]
07/15/16 16:48:01:157.000  - [605359] TRACE - Init under MAC OS [/Users/sdkpublishbuilder/.jenkins/workspace/VR3_MojingSDKIOS/jni/Interface/ios/MojingIOSAPI.mm:77]
07/15/16 16:48:01:157.000  - [605359] TRACE - Init under iOS [/Users/sdkpublishbuilder/.jenkins/workspace/VR3_MojingSDKIOS/jni/Interface/ios/MojingIOSAPI.mm:85]
07/15/16 16:48:01:157.000  - [605359] TRACE - Init under IPHONE [/Users/sdkpublishbuilder/.jenkins/workspace/VR3_MojingSDKIOS/jni/Interface/ios/MojingIOSAPI.mm:88]
07/15/16 16:48:01:157.000  - [605359] TRACE - Brand: Apple [/Users/sdkpublishbuilder/.jenkins/workspace/VR3_MojingSDKIOS/jni/Interface/ios/MojingIOSAPI.mm:107]
07/15/16 16:48:01:157.000  - [605359] WARN - GetMobileModelName failed [/Users/sdkpublishbuilder/.jenkins/workspace/VR3_MojingSDKIOS/jni/Interface/ios/MojingIOSBase.mm:414]
07/15/16 16:48:01:157.000  - [605359] TRACE - Model: iPad5,3 [/Users/sdkpublishbuilder/.jenkins/workspace/VR3_MojingSDKIOS/jni/Interface/ios/MojingIOSAPI.mm:109]
07/15/16 16:48:01:163.000  - [605359] TRACE - Serial: 56335F086F3446F7B8A86FA94E2DD7DD [/Users/sdkpublishbuilder/.jenkins/workspace/VR3_MojingSDKIOS/jni/Interface/ios/MojingIOSAPI.mm:111]
07/15/16 16:48:01:163.000  - [605359] ERROR - GetMobileScreenSize failed! The device is not supported. [/Users/sdkpublishbuilder/.jenkins/workspace/VR3_MojingSDKIOS/jni/Interface/ios/MojingIOSBase.mm:477]
07/15/16 16:48:01:163.000  - [605359] TRACE - Leave MojingSDK_API_Init [/Users/sdkpublishbuilder/.jenkins/workspace/VR3_MojingSDKIOS/jni/Interface/ios/MojingIOSAPI.mm:75]
07/15/16 16:49:46:830.000  - [606098] TRACE - Enter MojingSDK_API_Init [/Users/sdkpublishbuilder/.jenkins/workspace/VR3_MojingSDKIOS/jni/Interface/ios/MojingIOSAPI.mm:75]
07/15/16 16:49:46:830.000  - [606098] TRACE - Init under MAC OS [/Users/sdkpublishbuilder/.jenkins/workspace/VR3_MojingSDKIOS/jni/Interface/ios/MojingIOSAPI.mm:77]
07/15/16 16:49:46:830.000  - [606098] TRACE - Init under iOS [/Users/sdkpublishbuilder/.jenkins/workspace/VR3_MojingSDKIOS/jni/Interface/ios/MojingIOSAPI.mm:85]
07/15/16 16:49:46:830.000  - [606098] TRACE - Init under IPHONE [/Users/sdkpublishbuilder/.jenkins/workspace/VR3_MojingSDKIOS/jni/Interface/ios/MojingIOSAPI.mm:88]
07/15/16 16:49:46:830.000  - [606098] TRACE - Brand: Apple [/Users/sdkpublishbuilder/.jenkins/workspace/VR3_MojingSDKIOS/jni/Interface/ios/MojingIOSAPI.mm:107]
07/15/16 16:49:46:830.000  - [606098] WARN - GetMobileModelName failed [/Users/sdkpublishbuilder/.jenkins/workspace/VR3_MojingSDKIOS/jni/Interface/ios/MojingIOSBase.mm:414]
07/15/16 16:49:46:830.000  - [606098] TRACE - Model: iPad5,3 [/Users/sdkpublishbuilder/.jenkins/workspace/VR3_MojingSDKIOS/jni/Interface/ios/MojingIOSAPI.mm:109]
07/15/16 16:49:46:838.000  - [606098] TRACE - Serial: 56335F086F3446F7B8A86FA94E2DD7DD [/Users/sdkpublishbuilder/.jenkins/workspace/VR3_MojingSDKIOS/jni/Interface/ios/MojingIOSAPI.mm:111]
07/15/16 16:49:46:838.000  - [606098] ERROR - GetMobileScreenSize failed! The device is not supported. [/Users/sdkpublishbuilder/.jenkins/workspace/VR3_MojingSDKIOS/jni/Interface/ios/MojingIOSBase.mm:477]
07/15/16 16:49:46:838.000  - [606098] TRACE - Leave MojingSDK_API_Init [/Users/sdkpublishbuilder/.jenkins/workspace/VR3_MojingSDKIOS/jni/Interface/ios/MojingIOSAPI.mm:75]
